2022-07-26 12:03:03 INFO  ProjectStartupHandler.runActivity(74) - ---------- Project opened ----------
2022-07-26 12:03:03 INFO  ProjectStartupHandler.runActivity(75) - ---------- Version 3.57 ----------

2022-07-26 12:03:03 INFO  ProjectStartupHandler.setAutoscrolls(346) - Autoscrolls successfully set
2022-07-26 12:03:04 INFO  ApacheHttpClient.isSessionAppropriateWithSecretKey(589) - The session is not set in the property file.
2022-07-26 12:03:04 INFO  ApacheHttpClient.logout(633) - Waiting for server response.
2022-07-26 12:03:04 INFO  ApacheHttpClient.logout(633) - Waiting for server response.
2022-07-26 12:03:04 INFO  ApacheHttpClient.login(250) - Waiting for server response.
2022-07-26 12:03:04 INFO  ApacheHttpClient.login(250) - Waiting for server response.
2022-07-26 12:03:04 INFO  ApacheHttpClient.login(254) - responseCode = 200
2022-07-26 12:03:04 INFO  ApacheHttpClient.login(277) - JSESSIONID OK
2022-07-26 12:03:04 INFO  ApacheHttpClient.refreshUserInfo(305) - responseCode = 200
2022-07-26 12:03:04 INFO  ApacheHttpClient.refreshUserInfo(311) - User information received.
2022-07-26 12:03:04 INFO  ApacheHttpClient.startGA(36) - GAService started.
2022-07-26 12:03:14 INFO  ApacheHttpClient.getWebResourceAsStream(502) - responseCode = 200
2022-07-26 12:03:15 INFO  ApacheHttpClient.getFilteredTasks(336) - responseCode = 200
2022-07-26 12:05:42 INFO  ApacheHttpClient.getFilteredTasks(336) - responseCode = 200
2022-07-26 12:05:43 INFO  ApacheHttpClient.getFilteredTasks(336) - responseCode = 200
2022-07-26 12:05:45 INFO  TaskInfoSelectorMouseListener.createDirectoryRecursive(78) - File created :C:/Users/wojci/Downloads/project/CodeGymTasks/lib
2022-07-26 12:05:45 INFO  ApacheHttpClient.getWebResourceAsStream(502) - responseCode = 200
2022-07-26 12:05:46 INFO  ApacheHttpClient.getWebResourceAsStream(502) - responseCode = 200
2022-07-26 12:05:46 INFO  ApacheHttpClient.getTaskTemplateInfo(353) - responseCode = 200
2022-07-26 12:05:46 INFO  TaskInfoSelectorMouseListener.createDirectoryRecursive(78) - File created :C:/Users/wojci/Downloads/project/CodeGymTasks/8.Games/src/com
2022-07-26 12:05:46 INFO  TaskInfoSelectorMouseListener.createDirectoryRecursive(78) - File created :C:/Users/wojci/Downloads/project/CodeGymTasks/8.Games/src/com/codegym
2022-07-26 12:05:46 INFO  TaskInfoSelectorMouseListener.createDirectoryRecursive(78) - File created :C:/Users/wojci/Downloads/project/CodeGymTasks/8.Games/src/com/codegym/games
2022-07-26 12:05:46 INFO  TaskInfoSelectorMouseListener.createDirectoryRecursive(78) - File created :C:/Users/wojci/Downloads/project/CodeGymTasks/8.Games/src/com/codegym/games/moonlander
2022-07-26 12:08:02 INFO  ApacheHttpClient.getWebResourceAsStream(502) - responseCode = 200
2022-07-26 12:08:03 INFO  ApacheHttpClient.getTask(488) - responseCode = 200
2022-07-26 12:08:04 INFO  ApacheHttpClient.completed(32) - responseCode = 200
2022-07-26 12:08:51 INFO  ApacheHttpClient.getWebResourceAsStream(502) - responseCode = 200
2022-07-26 12:08:51 INFO  ApacheHttpClient.getTask(488) - responseCode = 200
2022-07-26 12:08:54 INFO  ApacheHttpClient.completed(32) - responseCode = 200
2022-07-26 12:08:54 INFO  ApacheHttpClient.getTask(488) - responseCode = 200
2022-07-26 12:09:09 INFO  ApacheHttpClient.getWebResourceAsStream(502) - responseCode = 200
2022-07-26 12:09:09 INFO  ApacheHttpClient.getFilteredTasks(336) - responseCode = 200
2022-07-26 12:09:11 INFO  ApacheHttpClient.getWebResourceAsStream(502) - responseCode = 200
2022-07-26 12:09:11 INFO  ApacheHttpClient.getTaskTemplateInfo(353) - responseCode = 200
2022-07-26 12:13:55 INFO  ApacheHttpClient.getWebResourceAsStream(502) - responseCode = 200
2022-07-26 12:13:56 INFO  ApacheHttpClient.getTask(488) - responseCode = 200
2022-07-26 12:13:58 INFO  ApacheHttpClient.completed(32) - responseCode = 200
2022-07-26 12:14:29 INFO  ApacheHttpClient.getWebResourceAsStream(502) - responseCode = 200
2022-07-26 12:14:29 INFO  ApacheHttpClient.getTask(488) - responseCode = 200
2022-07-26 12:14:33 INFO  ApacheHttpClient.completed(32) - responseCode = 200
2022-07-26 12:14:34 INFO  ApacheHttpClient.getTask(488) - responseCode = 200
2022-07-26 12:14:50 INFO  ApacheHttpClient.getWebResourceAsStream(502) - responseCode = 200
2022-07-26 12:14:50 INFO  ApacheHttpClient.getFilteredTasks(336) - responseCode = 200
2022-07-26 12:14:52 INFO  ApacheHttpClient.getWebResourceAsStream(502) - responseCode = 200
2022-07-26 12:14:52 INFO  ApacheHttpClient.getTaskTemplateInfo(353) - responseCode = 200
2022-07-26 12:16:12 INFO  ApacheHttpClient.getWebResourceAsStream(502) - responseCode = 200
2022-07-26 12:16:13 INFO  ApacheHttpClient.getTask(488) - responseCode = 200
2022-07-26 12:16:14 INFO  ApacheHttpClient.completed(32) - responseCode = 200
2022-07-26 12:16:14 INFO  ApacheHttpClient.getTask(488) - responseCode = 200
2022-07-26 12:16:18 INFO  ApacheHttpClient.getWebResourceAsStream(502) - responseCode = 200
2022-07-26 12:16:18 INFO  ApacheHttpClient.getFilteredTasks(336) - responseCode = 200
2022-07-26 12:16:22 INFO  ApacheHttpClient.getWebResourceAsStream(502) - responseCode = 200
2022-07-26 12:16:23 INFO  ApacheHttpClient.getTaskTemplateInfo(353) - responseCode = 200
2022-07-26 12:19:57 INFO  ApacheHttpClient.getWebResourceAsStream(502) - responseCode = 200
2022-07-26 12:19:58 INFO  ApacheHttpClient.getTask(488) - responseCode = 200
2022-07-26 12:19:59 INFO  ApacheHttpClient.completed(32) - responseCode = 200
2022-07-26 12:19:59 INFO  ApacheHttpClient.getTask(488) - responseCode = 200
2022-07-26 12:20:03 INFO  ApacheHttpClient.getWebResourceAsStream(502) - responseCode = 200
2022-07-26 12:20:03 INFO  ApacheHttpClient.getFilteredTasks(336) - responseCode = 200
2022-07-26 12:20:10 INFO  ApacheHttpClient.getWebResourceAsStream(502) - responseCode = 200
2022-07-26 12:20:10 INFO  ApacheHttpClient.getTaskTemplateInfo(353) - responseCode = 200
2022-07-26 12:24:40 INFO  ApacheHttpClient.getWebResourceAsStream(502) - responseCode = 200
2022-07-26 12:24:40 INFO  ApacheHttpClient.getTask(488) - responseCode = 200
2022-07-26 12:24:45 INFO  ApacheHttpClient.completed(32) - responseCode = 200
2022-07-26 12:24:46 INFO  ApacheHttpClient.getTask(488) - responseCode = 200
2022-07-26 13:28:07 INFO  ApacheHttpClient.getWebResourceAsStream(502) - responseCode = 200
2022-07-26 13:28:08 INFO  ApacheHttpClient.getFilteredTasks(336) - responseCode = 200
2022-07-26 13:28:12 INFO  ApacheHttpClient.getWebResourceAsStream(502) - responseCode = 200
2022-07-26 13:28:12 INFO  ApacheHttpClient.getTaskTemplateInfo(353) - responseCode = 200
2022-07-26 13:32:36 INFO  ApacheHttpClient.getWebResourceAsStream(502) - responseCode = 200
2022-07-26 13:32:36 INFO  ApacheHttpClient.getTask(488) - responseCode = 200
2022-07-26 13:32:44 INFO  ApacheHttpClient.completed(32) - responseCode = 200
2022-07-26 13:32:44 INFO  ApacheHttpClient.getTask(488) - responseCode = 200
2022-07-26 13:33:02 INFO  ApacheHttpClient.getWebResourceAsStream(502) - responseCode = 200
2022-07-26 13:33:02 INFO  ApacheHttpClient.getFilteredTasks(336) - responseCode = 200
2022-07-26 13:33:09 INFO  ApacheHttpClient.getWebResourceAsStream(502) - responseCode = 200
2022-07-26 13:33:09 INFO  ApacheHttpClient.getTaskTemplateInfo(353) - responseCode = 200
2022-07-26 13:41:46 INFO  ApacheHttpClient.getWebResourceAsStream(502) - responseCode = 200
2022-07-26 13:41:47 INFO  ApacheHttpClient.getTask(488) - responseCode = 200
2022-07-26 13:41:52 INFO  ApacheHttpClient.completed(32) - responseCode = 200
2022-07-26 13:42:53 INFO  ApacheHttpClient.getWebResourceAsStream(502) - responseCode = 200
2022-07-26 13:42:54 INFO  ApacheHttpClient.getTask(488) - responseCode = 200
2022-07-26 13:42:58 INFO  ApacheHttpClient.completed(32) - responseCode = 200
2022-07-26 13:43:19 INFO  ApacheHttpClient.getWebResourceAsStream(502) - responseCode = 200
2022-07-26 13:45:26 INFO  ApacheHttpClient.getWebResourceAsStream(502) - responseCode = 200
2022-07-26 13:45:27 INFO  ApacheHttpClient.getTask(488) - responseCode = 200
2022-07-26 13:45:31 INFO  ApacheHttpClient.completed(32) - responseCode = 200
2022-07-26 13:45:31 INFO  ApacheHttpClient.getTask(488) - responseCode = 200
2022-07-26 13:45:47 INFO  ApacheHttpClient.getWebResourceAsStream(502) - responseCode = 200
2022-07-26 13:45:47 INFO  ApacheHttpClient.getFilteredTasks(336) - responseCode = 200
2022-07-26 13:45:53 INFO  ApacheHttpClient.getWebResourceAsStream(502) - responseCode = 200
2022-07-26 13:45:53 INFO  ApacheHttpClient.getTaskTemplateInfo(353) - responseCode = 200
2022-07-26 13:48:52 INFO  ApacheHttpClient.getWebResourceAsStream(502) - responseCode = 200
2022-07-26 13:48:52 INFO  ApacheHttpClient.getTask(488) - responseCode = 200
2022-07-26 13:48:56 INFO  ApacheHttpClient.completed(32) - responseCode = 200
2022-07-26 13:48:56 INFO  ApacheHttpClient.getTask(488) - responseCode = 200
2022-07-26 13:49:13 INFO  ApacheHttpClient.getWebResourceAsStream(502) - responseCode = 200
2022-07-26 13:49:13 INFO  ApacheHttpClient.getTask(488) - responseCode = 200
2022-07-26 13:49:15 INFO  ApacheHttpClient.completed(32) - responseCode = 200
2022-07-26 13:49:39 INFO  ApacheHttpClient.getWebResourceAsStream(502) - responseCode = 200
2022-07-26 13:49:40 INFO  ApacheHttpClient.getFilteredTasks(336) - responseCode = 200
2022-07-26 13:49:47 INFO  ApacheHttpClient.getFilteredTasks(336) - responseCode = 200
2022-07-26 13:49:49 INFO  ApacheHttpClient.getWebResourceAsStream(502) - responseCode = 200
2022-07-26 13:49:49 INFO  ApacheHttpClient.getTaskTemplateInfo(353) - responseCode = 200
2022-07-26 13:53:38 INFO  ApacheHttpClient.getWebResourceAsStream(502) - responseCode = 200
2022-07-26 13:53:39 INFO  ApacheHttpClient.getTask(488) - responseCode = 200
2022-07-26 13:53:40 INFO  ApacheHttpClient.completed(32) - responseCode = 200
2022-07-26 13:54:18 INFO  ApacheHttpClient.getWebResourceAsStream(502) - responseCode = 200
2022-07-26 13:54:18 INFO  ApacheHttpClient.getTask(488) - responseCode = 200
2022-07-26 13:54:19 INFO  ApacheHttpClient.completed(32) - responseCode = 200
2022-07-26 13:54:20 INFO  ApacheHttpClient.getTask(488) - responseCode = 200
2022-07-26 13:54:36 INFO  ApacheHttpClient.getWebResourceAsStream(502) - responseCode = 200
2022-07-26 13:54:36 INFO  ApacheHttpClient.getFilteredTasks(336) - responseCode = 200
2022-07-26 13:54:38 INFO  ApacheHttpClient.getWebResourceAsStream(502) - responseCode = 200
2022-07-26 13:54:39 INFO  ApacheHttpClient.getTaskTemplateInfo(353) - responseCode = 200
2022-07-26 14:02:08 INFO  ApacheHttpClient.getWebResourceAsStream(502) - responseCode = 200
2022-07-26 14:02:09 INFO  ApacheHttpClient.getTask(488) - responseCode = 200
2022-07-26 14:02:11 INFO  ApacheHttpClient.completed(32) - responseCode = 200
2022-07-26 14:03:46 INFO  ApacheHttpClient.getWebResourceAsStream(502) - responseCode = 200
2022-07-26 14:04:49 INFO  ApacheHttpClient.getWebResourceAsStream(502) - responseCode = 200
2022-07-26 14:04:50 INFO  ApacheHttpClient.getTask(488) - responseCode = 200
2022-07-26 14:04:53 INFO  ApacheHttpClient.completed(32) - responseCode = 200
2022-07-26 14:04:53 INFO  ApacheHttpClient.getTask(488) - responseCode = 200
2022-07-26 14:05:00 INFO  ApacheHttpClient.getWebResourceAsStream(502) - responseCode = 200
2022-07-26 14:05:00 INFO  ApacheHttpClient.getFilteredTasks(336) - responseCode = 200
2022-07-26 14:05:02 INFO  ApacheHttpClient.getWebResourceAsStream(502) - responseCode = 200
2022-07-26 14:05:03 INFO  ApacheHttpClient.getTaskTemplateInfo(353) - responseCode = 200
2022-07-26 14:10:51 INFO  ApacheHttpClient.getWebResourceAsStream(502) - responseCode = 200
2022-07-26 14:10:52 INFO  ApacheHttpClient.getTask(488) - responseCode = 200
2022-07-26 14:10:53 INFO  ApacheHttpClient.completed(32) - responseCode = 200
2022-07-26 14:10:53 INFO  ApacheHttpClient.getTask(488) - responseCode = 200
2022-07-26 14:11:10 INFO  ApacheHttpClient.getWebResourceAsStream(502) - responseCode = 200
2022-07-26 14:11:10 INFO  ApacheHttpClient.getFilteredTasks(336) - responseCode = 200
2022-07-26 14:11:12 INFO  ApacheHttpClient.getWebResourceAsStream(502) - responseCode = 200
2022-07-26 14:11:13 INFO  ApacheHttpClient.getTaskTemplateInfo(353) - responseCode = 200
2022-07-26 14:18:10 INFO  ApacheHttpClient.getWebResourceAsStream(502) - responseCode = 200
2022-07-26 14:18:10 INFO  ApacheHttpClient.getTask(488) - responseCode = 200
2022-07-26 14:18:13 INFO  ApacheHttpClient.completed(32) - responseCode = 200
2022-07-26 14:18:13 INFO  ApacheHttpClient.getTask(488) - responseCode = 200
2022-07-26 14:18:20 INFO  ApacheHttpClient.getWebResourceAsStream(502) - responseCode = 200
2022-07-26 14:18:21 INFO  ApacheHttpClient.getFilteredTasks(336) - responseCode = 200
2022-07-26 14:18:24 INFO  ApacheHttpClient.getWebResourceAsStream(502) - responseCode = 200
2022-07-26 14:18:25 INFO  ApacheHttpClient.getTaskTemplateInfo(353) - responseCode = 200
2022-07-26 17:00:44 INFO  ApacheHttpClient.getWebResourceAsStream(502) - responseCode = 200
2022-07-26 17:00:44 INFO  ApacheHttpClient.getTask(488) - responseCode = 200
2022-07-26 17:00:46 INFO  ApacheHttpClient.completed(32) - responseCode = 200
2022-07-26 17:01:11 INFO  ApacheHttpClient.getWebResourceAsStream(502) - responseCode = 200
2022-07-26 17:01:11 INFO  ApacheHttpClient.getTask(488) - responseCode = 200
2022-07-26 17:01:14 INFO  ApacheHttpClient.completed(32) - responseCode = 200
2022-07-26 17:01:15 INFO  ApacheHttpClient.getTask(488) - responseCode = 200
2022-07-26 17:01:18 INFO  ApacheHttpClient.getWebResourceAsStream(502) - responseCode = 200
2022-07-26 17:01:18 INFO  ApacheHttpClient.getFilteredTasks(336) - responseCode = 200
2022-07-26 17:01:20 INFO  ApacheHttpClient.getWebResourceAsStream(502) - responseCode = 200
2022-07-26 17:01:20 INFO  ApacheHttpClient.getTaskTemplateInfo(353) - responseCode = 200
2022-07-26 17:09:33 INFO  ApacheHttpClient.getWebResourceAsStream(502) - responseCode = 200
2022-07-26 17:09:34 INFO  ApacheHttpClient.getTask(488) - responseCode = 200
2022-07-26 17:09:38 INFO  ApacheHttpClient.completed(32) - responseCode = 200
2022-07-26 17:10:06 INFO  ApacheHttpClient.getWebResourceAsStream(502) - responseCode = 200
2022-07-26 17:10:06 INFO  ApacheHttpClient.getTask(488) - responseCode = 200
2022-07-26 17:10:10 INFO  ApacheHttpClient.completed(32) - responseCode = 200
2022-07-26 17:10:10 INFO  ApacheHttpClient.getTask(488) - responseCode = 200
2022-07-26 17:10:14 INFO  ApacheHttpClient.getWebResourceAsStream(502) - responseCode = 200
2022-07-26 17:10:14 INFO  ApacheHttpClient.getFilteredTasks(336) - responseCode = 200
2022-07-26 17:10:16 INFO  ApacheHttpClient.getWebResourceAsStream(502) - responseCode = 200
2022-07-26 17:10:17 INFO  ApacheHttpClient.getTaskTemplateInfo(353) - responseCode = 200
2022-07-26 17:18:08 INFO  ApacheHttpClient.getWebResourceAsStream(502) - responseCode = 200
2022-07-26 17:18:09 INFO  ApacheHttpClient.getTask(488) - responseCode = 200
2022-07-26 17:18:11 INFO  ApacheHttpClient.completed(32) - responseCode = 200
2022-07-26 17:18:12 INFO  ApacheHttpClient.getTask(488) - responseCode = 200
2022-07-26 17:18:16 INFO  ApacheHttpClient.getWebResourceAsStream(502) - responseCode = 200
2022-07-26 17:18:17 INFO  ApacheHttpClient.getFilteredTasks(336) - responseCode = 200
2022-07-26 17:18:19 INFO  ApacheHttpClient.getWebResourceAsStream(502) - responseCode = 200
2022-07-26 17:18:19 INFO  ApacheHttpClient.getTaskTemplateInfo(353) - responseCode = 200
2022-07-26 17:22:27 INFO  ApacheHttpClient.getWebResourceAsStream(502) - responseCode = 200
2022-07-26 17:22:27 INFO  ApacheHttpClient.getTask(488) - responseCode = 200
2022-07-26 17:22:30 INFO  ApacheHttpClient.completed(32) - responseCode = 200
2022-07-26 17:23:29 INFO  ApacheHttpClient.getWebResourceAsStream(502) - responseCode = 200
2022-07-26 17:23:29 INFO  ApacheHttpClient.getTask(488) - responseCode = 200
2022-07-26 17:23:32 INFO  ApacheHttpClient.completed(32) - responseCode = 200
2022-07-26 17:23:32 INFO  ApacheHttpClient.getTask(488) - responseCode = 200
2022-07-26 17:23:39 INFO  ApacheHttpClient.getWebResourceAsStream(502) - responseCode = 200
2022-07-26 17:23:39 INFO  ApacheHttpClient.getFilteredTasks(336) - responseCode = 200
2022-07-26 17:23:41 INFO  ApacheHttpClient.getWebResourceAsStream(502) - responseCode = 200
2022-07-26 17:23:41 INFO  ApacheHttpClient.getTaskTemplateInfo(353) - responseCode = 200
2022-07-26 17:30:49 INFO  ApacheHttpClient.getWebResourceAsStream(502) - responseCode = 200
2022-07-26 17:30:50 INFO  ApacheHttpClient.getTask(488) - responseCode = 200
2022-07-26 17:30:51 INFO  ApacheHttpClient.completed(32) - responseCode = 200
2022-07-26 17:30:52 INFO  ApacheHttpClient.getTask(488) - responseCode = 200
2022-07-26 17:30:54 INFO  ApacheHttpClient.getWebResourceAsStream(502) - responseCode = 200
2022-07-26 17:30:54 INFO  ApacheHttpClient.getFilteredTasks(336) - responseCode = 200
2022-07-26 17:30:56 INFO  ApacheHttpClient.getWebResourceAsStream(502) - responseCode = 200
2022-07-26 17:30:56 INFO  ApacheHttpClient.getTaskTemplateInfo(353) - responseCode = 200
2022-07-26 17:42:02 INFO  ApacheHttpClient.getWebResourceAsStream(502) - responseCode = 200
2022-07-26 17:42:02 INFO  ApacheHttpClient.getTask(488) - responseCode = 200
2022-07-26 17:42:03 INFO  ApacheHttpClient.completed(32) - responseCode = 200
2022-07-26 17:42:04 INFO  ApacheHttpClient.getTask(488) - responseCode = 200
2022-07-26 17:43:02 INFO  ApacheHttpClient.getWebResourceAsStream(502) - responseCode = 200
2022-07-26 17:43:02 INFO  ApacheHttpClient.getFilteredTasks(336) - responseCode = 200
2022-07-26 17:43:04 INFO  ApacheHttpClient.getWebResourceAsStream(502) - responseCode = 200
2022-07-26 17:43:04 INFO  ApacheHttpClient.getTaskTemplateInfo(353) - responseCode = 200
2022-07-26 17:48:27 INFO  ApacheHttpClient.getWebResourceAsStream(502) - responseCode = 200
2022-07-26 17:48:27 INFO  ApacheHttpClient.getTask(488) - responseCode = 200
2022-07-26 17:48:31 INFO  ApacheHttpClient.completed(32) - responseCode = 200
2022-07-26 17:48:31 INFO  ApacheHttpClient.getTask(488) - responseCode = 200
2022-07-26 17:48:35 INFO  ApacheHttpClient.getWebResourceAsStream(502) - responseCode = 200
2022-07-26 17:48:36 INFO  ApacheHttpClient.getFilteredTasks(336) - responseCode = 200
2022-07-26 17:48:37 INFO  ApacheHttpClient.getWebResourceAsStream(502) - responseCode = 200
2022-07-26 17:48:38 INFO  ApacheHttpClient.getTaskTemplateInfo(353) - responseCode = 200
2022-07-26 18:00:37 INFO  ApacheHttpClient.getWebResourceAsStream(502) - responseCode = 200
2022-07-26 18:00:38 INFO  ApacheHttpClient.getTask(488) - responseCode = 200
2022-07-26 18:00:43 INFO  ApacheHttpClient.completed(32) - responseCode = 200
2022-07-26 18:00:43 INFO  ApacheHttpClient.getTask(488) - responseCode = 200
2022-07-26 18:04:48 INFO  ApacheHttpClient.getWebResourceAsStream(502) - responseCode = 503
2022-07-26 18:04:48 ERROR PluginUtil.isPluginNeedUpdate(550) - Error while verifying the version of the plugin.
com.fasterxml.jackson.core.JsonParseException: Unexpected end tag: expected </meta>
 at [row,col {unknown-source}]: [6,7]
 at [Source: (org.apache.http.nio.entity.ContentInputStream); line: 6, column: 1]
	at com.fasterxml.jackson.dataformat.xml.util.StaxUtil.throwAsParseException(StaxUtil.java:37)
	at com.fasterxml.jackson.dataformat.xml.deser.FromXmlParser.nextToken(FromXmlParser.java:502)
	at com.fasterxml.jackson.core.base.ParserMinimalBase.skipChildren(ParserMinimalBase.java:237)
	at com.fasterxml.jackson.databind.deser.BeanDeserializerBase.handleUnknownProperty(BeanDeserializerBase.java:1559)
	at com.fasterxml.jackson.databind.deser.BeanDeserializerBase.handleUnknownVanilla(BeanDeserializerBase.java:1545)
	at com.fasterxml.jackson.databind.deser.BeanDeserializer.vanillaDeserialize(BeanDeserializer.java:293)
	at com.fasterxml.jackson.databind.deser.BeanDeserializer.deserialize(BeanDeserializer.java:151)
	at com.fasterxml.jackson.databind.ObjectMapper._readMapAndClose(ObjectMapper.java:4001)
	at com.fasterxml.jackson.databind.ObjectMapper.readValue(ObjectMapper.java:3058)
	at com.homework.plugin.PluginUtil.isPluginNeedUpdate(PluginUtil.java:503)
	at com.homework.plugin.button.AbstractButton.checkPluginVersion(AbstractButton.java:52)
	at com.homework.plugin.button.AbstractButton.performCheck(AbstractButton.java:33)
	at com.homework.plugin.button.ValidateButton.actionPerformed(ValidateButton.java:45)
	at com.intellij.openapi.keymap.impl.ActionProcessor.performAction(ActionProcessor.java:65)
	at com.intellij.openapi.keymap.impl.IdeKeyEventDispatcher$1.performAction(IdeKeyEventDispatcher.java:579)
	at com.intellij.openapi.keymap.impl.IdeKeyEventDispatcher.lambda$doPerformActionInner$10(IdeKeyEventDispatcher.java:704)
	at com.intellij.openapi.application.TransactionGuardImpl.performActivity(TransactionGuardImpl.java:106)
	at com.intellij.openapi.application.TransactionGuardImpl.performUserActivity(TransactionGuardImpl.java:95)
	at com.intellij.openapi.keymap.impl.IdeKeyEventDispatcher.lambda$doPerformActionInner$11(IdeKeyEventDispatcher.java:704)
	at com.intellij.openapi.actionSystem.ex.ActionUtil.performDumbAwareWithCallbacks(ActionUtil.java:256)
	at com.intellij.openapi.keymap.impl.IdeKeyEventDispatcher.doPerformActionInner(IdeKeyEventDispatcher.java:701)
	at com.intellij.openapi.keymap.impl.IdeKeyEventDispatcher.processAction(IdeKeyEventDispatcher.java:645)
	at com.intellij.openapi.keymap.impl.IdeKeyEventDispatcher.processAction(IdeKeyEventDispatcher.java:590)
	at com.intellij.openapi.keymap.impl.IdeKeyEventDispatcher.processActionOrWaitSecondStroke(IdeKeyEventDispatcher.java:473)
	at com.intellij.openapi.keymap.impl.IdeKeyEventDispatcher.inInitState(IdeKeyEventDispatcher.java:462)
	at com.intellij.openapi.keymap.impl.IdeKeyEventDispatcher.dispatchKeyEvent(IdeKeyEventDispatcher.java:227)
	at com.intellij.ide.IdeEventQueue.dispatchKeyEvent(IdeEventQueue.java:804)
	at com.intellij.ide.IdeEventQueue._dispatchEvent(IdeEventQueue.java:740)
	at com.intellij.ide.IdeEventQueue.lambda$dispatchEvent$6(IdeEventQueue.java:439)
	at com.intellij.openapi.progress.impl.CoreProgressManager.computePrioritized(CoreProgressManager.java:803)
	at com.intellij.ide.IdeEventQueue.lambda$dispatchEvent$7(IdeEventQueue.java:438)
	at com.intellij.openapi.application.TransactionGuardImpl.performActivity(TransactionGuardImpl.java:119)
	at com.intellij.ide.IdeEventQueue.performActivity(IdeEventQueue.java:604)
	at com.intellij.ide.IdeEventQueue.lambda$dispatchEvent$8(IdeEventQueue.java:436)
	at com.intellij.openapi.application.impl.ApplicationImpl.runIntendedWriteActionOnCurrentThread(ApplicationImpl.java:873)
	at com.intellij.ide.IdeEventQueue.dispatchEvent(IdeEventQueue.java:484)
	at java.desktop/java.awt.EventDispatchThread.pumpOneEventForFilters(EventDispatchThread.java:207)
	at java.desktop/java.awt.EventDispatchThread.pumpEventsForFilter(EventDispatchThread.java:128)
	at java.desktop/java.awt.EventDispatchThread.pumpEventsForHierarchy(EventDispatchThread.java:117)
	at java.desktop/java.awt.EventDispatchThread.pumpEvents(EventDispatchThread.java:113)
	at java.desktop/java.awt.EventDispatchThread.pumpEvents(EventDispatchThread.java:105)
	at java.desktop/java.awt.EventDispatchThread.run(EventDispatchThread.java:92)
Caused by: com.fasterxml.aalto.WFCException: Unexpected end tag: expected </meta>
 at [row,col {unknown-source}]: [6,7]
	at com.fasterxml.aalto.in.XmlScanner.reportInputProblem(XmlScanner.java:1333)
	at com.fasterxml.aalto.in.XmlScanner.reportUnexpectedEndTag(XmlScanner.java:1502)
	at com.fasterxml.aalto.in.StreamScanner.handleEndElement(StreamScanner.java:660)
	at com.fasterxml.aalto.in.StreamScanner.nextFromTree(StreamScanner.java:267)
	at com.fasterxml.aalto.stax.StreamReaderImpl.next(StreamReaderImpl.java:760)
	at java.xml/javax.xml.stream.util.StreamReaderDelegate.next(StreamReaderDelegate.java:84)
	at org.codehaus.stax2.ri.Stax2ReaderAdapter.next(Stax2ReaderAdapter.java:129)
	at com.fasterxml.jackson.dataformat.xml.deser.XmlTokenStream._skipUntilTag(XmlTokenStream.java:410)
	at com.fasterxml.jackson.dataformat.xml.deser.XmlTokenStream._next(XmlTokenStream.java:359)
	at com.fasterxml.jackson.dataformat.xml.deser.XmlTokenStream.next(XmlTokenStream.java:183)
	at com.fasterxml.jackson.dataformat.xml.deser.FromXmlParser.nextToken(FromXmlParser.java:500)
	... 40 more
2022-07-26 18:04:48 WARN  PluginUtil.getCurrentTask(78) - Error while retrieving the task key.
java.lang.StringIndexOutOfBoundsException: String index out of range: -1
	at java.base/java.lang.String.substring(String.java:1837)
	at com.homework.plugin.PluginUtil.getCurrentVirtualFile(PluginUtil.java:160)
	at com.homework.plugin.PluginUtil.getCurrentTask(PluginUtil.java:69)
	at com.homework.plugin.button.ValidateButton.actionPerformed(ValidateButton.java:57)
	at com.intellij.openapi.keymap.impl.ActionProcessor.performAction(ActionProcessor.java:65)
	at com.intellij.openapi.keymap.impl.IdeKeyEventDispatcher$1.performAction(IdeKeyEventDispatcher.java:579)
	at com.intellij.openapi.keymap.impl.IdeKeyEventDispatcher.lambda$doPerformActionInner$10(IdeKeyEventDispatcher.java:704)
	at com.intellij.openapi.application.TransactionGuardImpl.performActivity(TransactionGuardImpl.java:106)
	at com.intellij.openapi.application.TransactionGuardImpl.performUserActivity(TransactionGuardImpl.java:95)
	at com.intellij.openapi.keymap.impl.IdeKeyEventDispatcher.lambda$doPerformActionInner$11(IdeKeyEventDispatcher.java:704)
	at com.intellij.openapi.actionSystem.ex.ActionUtil.performDumbAwareWithCallbacks(ActionUtil.java:256)
	at com.intellij.openapi.keymap.impl.IdeKeyEventDispatcher.doPerformActionInner(IdeKeyEventDispatcher.java:701)
	at com.intellij.openapi.keymap.impl.IdeKeyEventDispatcher.processAction(IdeKeyEventDispatcher.java:645)
	at com.intellij.openapi.keymap.impl.IdeKeyEventDispatcher.processAction(IdeKeyEventDispatcher.java:590)
	at com.intellij.openapi.keymap.impl.IdeKeyEventDispatcher.processActionOrWaitSecondStroke(IdeKeyEventDispatcher.java:473)
	at com.intellij.openapi.keymap.impl.IdeKeyEventDispatcher.inInitState(IdeKeyEventDispatcher.java:462)
	at com.intellij.openapi.keymap.impl.IdeKeyEventDispatcher.dispatchKeyEvent(IdeKeyEventDispatcher.java:227)
	at com.intellij.ide.IdeEventQueue.dispatchKeyEvent(IdeEventQueue.java:804)
	at com.intellij.ide.IdeEventQueue._dispatchEvent(IdeEventQueue.java:740)
	at com.intellij.ide.IdeEventQueue.lambda$dispatchEvent$6(IdeEventQueue.java:439)
	at com.intellij.openapi.progress.impl.CoreProgressManager.computePrioritized(CoreProgressManager.java:803)
	at com.intellij.ide.IdeEventQueue.lambda$dispatchEvent$7(IdeEventQueue.java:438)
	at com.intellij.openapi.application.TransactionGuardImpl.performActivity(TransactionGuardImpl.java:119)
	at com.intellij.ide.IdeEventQueue.performActivity(IdeEventQueue.java:604)
	at com.intellij.ide.IdeEventQueue.lambda$dispatchEvent$8(IdeEventQueue.java:436)
	at com.intellij.openapi.application.impl.ApplicationImpl.runIntendedWriteActionOnCurrentThread(ApplicationImpl.java:873)
	at com.intellij.ide.IdeEventQueue.dispatchEvent(IdeEventQueue.java:484)
	at java.desktop/java.awt.EventDispatchThread.pumpOneEventForFilters(EventDispatchThread.java:207)
	at java.desktop/java.awt.EventDispatchThread.pumpEventsForFilter(EventDispatchThread.java:128)
	at java.desktop/java.awt.EventDispatchThread.pumpEventsForHierarchy(EventDispatchThread.java:117)
	at java.desktop/java.awt.EventDispatchThread.pumpEvents(EventDispatchThread.java:113)
	at java.desktop/java.awt.EventDispatchThread.pumpEvents(EventDispatchThread.java:105)
	at java.desktop/java.awt.EventDispatchThread.run(EventDispatchThread.java:92)
2022-07-26 18:04:48 WARN  PluginUtil.getCurrentDirectory(109) - Error while getting the current directory.
java.lang.StringIndexOutOfBoundsException: String index out of range: -1
	at java.base/java.lang.String.substring(String.java:1837)
	at com.homework.plugin.PluginUtil.getCurrentVirtualFile(PluginUtil.java:160)
	at com.homework.plugin.PluginUtil.getCurrentDirectory(PluginUtil.java:107)
	at com.homework.plugin.button.ValidateButton.actionPerformed(ValidateButton.java:62)
	at com.intellij.openapi.keymap.impl.ActionProcessor.performAction(ActionProcessor.java:65)
	at com.intellij.openapi.keymap.impl.IdeKeyEventDispatcher$1.performAction(IdeKeyEventDispatcher.java:579)
	at com.intellij.openapi.keymap.impl.IdeKeyEventDispatcher.lambda$doPerformActionInner$10(IdeKeyEventDispatcher.java:704)
	at com.intellij.openapi.application.TransactionGuardImpl.performActivity(TransactionGuardImpl.java:106)
	at com.intellij.openapi.application.TransactionGuardImpl.performUserActivity(TransactionGuardImpl.java:95)
	at com.intellij.openapi.keymap.impl.IdeKeyEventDispatcher.lambda$doPerformActionInner$11(IdeKeyEventDispatcher.java:704)
	at com.intellij.openapi.actionSystem.ex.ActionUtil.performDumbAwareWithCallbacks(ActionUtil.java:256)
	at com.intellij.openapi.keymap.impl.IdeKeyEventDispatcher.doPerformActionInner(IdeKeyEventDispatcher.java:701)
	at com.intellij.openapi.keymap.impl.IdeKeyEventDispatcher.processAction(IdeKeyEventDispatcher.java:645)
	at com.intellij.openapi.keymap.impl.IdeKeyEventDispatcher.processAction(IdeKeyEventDispatcher.java:590)
	at com.intellij.openapi.keymap.impl.IdeKeyEventDispatcher.processActionOrWaitSecondStroke(IdeKeyEventDispatcher.java:473)
	at com.intellij.openapi.keymap.impl.IdeKeyEventDispatcher.inInitState(IdeKeyEventDispatcher.java:462)
	at com.intellij.openapi.keymap.impl.IdeKeyEventDispatcher.dispatchKeyEvent(IdeKeyEventDispatcher.java:227)
	at com.intellij.ide.IdeEventQueue.dispatchKeyEvent(IdeEventQueue.java:804)
	at com.intellij.ide.IdeEventQueue._dispatchEvent(IdeEventQueue.java:740)
	at com.intellij.ide.IdeEventQueue.lambda$dispatchEvent$6(IdeEventQueue.java:439)
	at com.intellij.openapi.progress.impl.CoreProgressManager.computePrioritized(CoreProgressManager.java:803)
	at com.intellij.ide.IdeEventQueue.lambda$dispatchEvent$7(IdeEventQueue.java:438)
	at com.intellij.openapi.application.TransactionGuardImpl.performActivity(TransactionGuardImpl.java:119)
	at com.intellij.ide.IdeEventQueue.performActivity(IdeEventQueue.java:604)
	at com.intellij.ide.IdeEventQueue.lambda$dispatchEvent$8(IdeEventQueue.java:436)
	at com.intellij.openapi.application.impl.ApplicationImpl.runIntendedWriteActionOnCurrentThread(ApplicationImpl.java:873)
	at com.intellij.ide.IdeEventQueue.dispatchEvent(IdeEventQueue.java:484)
	at java.desktop/java.awt.EventDispatchThread.pumpOneEventForFilters(EventDispatchThread.java:207)
	at java.desktop/java.awt.EventDispatchThread.pumpEventsForFilter(EventDispatchThread.java:128)
	at java.desktop/java.awt.EventDispatchThread.pumpEventsForHierarchy(EventDispatchThread.java:117)
	at java.desktop/java.awt.EventDispatchThread.pumpEvents(EventDispatchThread.java:113)
	at java.desktop/java.awt.EventDispatchThread.pumpEvents(EventDispatchThread.java:105)
	at java.desktop/java.awt.EventDispatchThread.run(EventDispatchThread.java:92)
2022-07-26 18:04:48 WARN  PluginUtil.getCurrentDirectory(109) - Error while getting the current directory.
java.lang.StringIndexOutOfBoundsException: String index out of range: -1
	at java.base/java.lang.String.substring(String.java:1837)
	at com.homework.plugin.PluginUtil.getCurrentVirtualFile(PluginUtil.java:160)
	at com.homework.plugin.PluginUtil.getCurrentDirectory(PluginUtil.java:107)
	at com.homework.plugin.PluginUtil.getTaskTitle(PluginUtil.java:84)
	at com.homework.plugin.button.ValidateButton.actionPerformed(ValidateButton.java:85)
	at com.intellij.openapi.keymap.impl.ActionProcessor.performAction(ActionProcessor.java:65)
	at com.intellij.openapi.keymap.impl.IdeKeyEventDispatcher$1.performAction(IdeKeyEventDispatcher.java:579)
	at com.intellij.openapi.keymap.impl.IdeKeyEventDispatcher.lambda$doPerformActionInner$10(IdeKeyEventDispatcher.java:704)
	at com.intellij.openapi.application.TransactionGuardImpl.performActivity(TransactionGuardImpl.java:106)
	at com.intellij.openapi.application.TransactionGuardImpl.performUserActivity(TransactionGuardImpl.java:95)
	at com.intellij.openapi.keymap.impl.IdeKeyEventDispatcher.lambda$doPerformActionInner$11(IdeKeyEventDispatcher.java:704)
	at com.intellij.openapi.actionSystem.ex.ActionUtil.performDumbAwareWithCallbacks(ActionUtil.java:256)
	at com.intellij.openapi.keymap.impl.IdeKeyEventDispatcher.doPerformActionInner(IdeKeyEventDispatcher.java:701)
	at com.intellij.openapi.keymap.impl.IdeKeyEventDispatcher.processAction(IdeKeyEventDispatcher.java:645)
	at com.intellij.openapi.keymap.impl.IdeKeyEventDispatcher.processAction(IdeKeyEventDispatcher.java:590)
	at com.intellij.openapi.keymap.impl.IdeKeyEventDispatcher.processActionOrWaitSecondStroke(IdeKeyEventDispatcher.java:473)
	at com.intellij.openapi.keymap.impl.IdeKeyEventDispatcher.inInitState(IdeKeyEventDispatcher.java:462)
	at com.intellij.openapi.keymap.impl.IdeKeyEventDispatcher.dispatchKeyEvent(IdeKeyEventDispatcher.java:227)
	at com.intellij.ide.IdeEventQueue.dispatchKeyEvent(IdeEventQueue.java:804)
	at com.intellij.ide.IdeEventQueue._dispatchEvent(IdeEventQueue.java:740)
	at com.intellij.ide.IdeEventQueue.lambda$dispatchEvent$6(IdeEventQueue.java:439)
	at com.intellij.openapi.progress.impl.CoreProgressManager.computePrioritized(CoreProgressManager.java:803)
	at com.intellij.ide.IdeEventQueue.lambda$dispatchEvent$7(IdeEventQueue.java:438)
	at com.intellij.openapi.application.TransactionGuardImpl.performActivity(TransactionGuardImpl.java:119)
	at com.intellij.ide.IdeEventQueue.performActivity(IdeEventQueue.java:604)
	at com.intellij.ide.IdeEventQueue.lambda$dispatchEvent$8(IdeEventQueue.java:436)
	at com.intellij.openapi.application.impl.ApplicationImpl.runIntendedWriteActionOnCurrentThread(ApplicationImpl.java:873)
	at com.intellij.ide.IdeEventQueue.dispatchEvent(IdeEventQueue.java:484)
	at java.desktop/java.awt.EventDispatchThread.pumpOneEventForFilters(EventDispatchThread.java:207)
	at java.desktop/java.awt.EventDispatchThread.pumpEventsForFilter(EventDispatchThread.java:128)
	at java.desktop/java.awt.EventDispatchThread.pumpEventsForHierarchy(EventDispatchThread.java:117)
	at java.desktop/java.awt.EventDispatchThread.pumpEvents(EventDispatchThread.java:113)
	at java.desktop/java.awt.EventDispatchThread.pumpEvents(EventDispatchThread.java:105)
	at java.desktop/java.awt.EventDispatchThread.run(EventDispatchThread.java:92)
2022-07-26 18:04:52 INFO  ApacheHttpClient.getTask(488) - responseCode = 200
2022-07-26 18:05:01 INFO  ApacheHttpClient.completed(32) - responseCode = 200
2022-07-26 18:05:02 INFO  ApacheHttpClient.getTask(488) - responseCode = 200
2022-07-27 08:27:17 INFO  ProjectStartupHandler.runActivity(74) - ---------- Project opened ----------
2022-07-27 08:27:17 INFO  ProjectStartupHandler.runActivity(75) - ---------- Version 3.57 ----------

2022-07-27 08:27:17 INFO  ProjectStartupHandler.setAutoscrolls(346) - Autoscrolls successfully set
2022-07-27 08:27:17 ERROR HttpsURLConnectionClient.getServerAvailabilityStatus(730) - Error while checking server availability.
java.net.UnknownHostException: codegym.cc
	at java.base/java.net.AbstractPlainSocketImpl.connect(AbstractPlainSocketImpl.java:229)
	at java.base/java.net.SocksSocketImpl.connect(SocksSocketImpl.java:392)
	at java.base/java.net.Socket.connect(Socket.java:609)
	at java.base/sun.security.ssl.SSLSocketImpl.connect(SSLSocketImpl.java:305)
	at java.base/sun.net.NetworkClient.doConnect(NetworkClient.java:177)
	at java.base/sun.net.www.http.HttpClient.openServer(HttpClient.java:474)
	at java.base/sun.net.www.http.HttpClient.openServer(HttpClient.java:569)
	at java.base/sun.net.www.protocol.https.HttpsClient.<init>(HttpsClient.java:266)
	at java.base/sun.net.www.protocol.https.HttpsClient.New(HttpsClient.java:373)
	at java.base/sun.net.www.protocol.https.AbstractDelegateHttpsURLConnection.getNewHttpClient(AbstractDelegateHttpsURLConnection.java:203)
	at java.base/sun.net.www.protocol.http.HttpURLConnection.plainConnect0(HttpURLConnection.java:1187)
	at java.base/sun.net.www.protocol.http.HttpURLConnection.plainConnect(HttpURLConnection.java:1081)
	at java.base/sun.net.www.protocol.https.AbstractDelegateHttpsURLConnection.connect(AbstractDelegateHttpsURLConnection.java:189)
	at java.base/sun.net.www.protocol.https.HttpsURLConnectionImpl.connect(HttpsURLConnectionImpl.java:168)
	at com.homework.plugin.client.HttpsURLConnectionClient.getServerAvailabilityStatus(HttpsURLConnectionClient.java:714)
	at com.homework.plugin.extension.ProjectStartupHandler.runActivity(ProjectStartupHandler.java:85)
	at com.intellij.ide.startup.impl.StartupManagerImpl.runStartupActivity(StartupManagerImpl.kt:311)
	at com.intellij.ide.startup.impl.StartupManagerImpl.runActivityAndMeasureDuration(StartupManagerImpl.kt:290)
	at com.intellij.ide.startup.impl.StartupManagerImpl.runActivityAndMeasureDuration$default(StartupManagerImpl.kt:285)
	at com.intellij.ide.startup.impl.StartupManagerImpl$runPostStartupActivities$1$2.run(StartupManagerImpl.kt:249)
	at com.intellij.openapi.project.DumbServiceImpl.doRun(DumbServiceImpl.java:398)
	at com.intellij.openapi.project.DumbServiceImpl.updateFinished(DumbServiceImpl.java:390)
	at com.intellij.openapi.project.TrackedEdtActivityService$TrackedEdtActivity.run(TrackedEdtActivityService.java:66)
	at com.intellij.openapi.application.TransactionGuardImpl.runWithWritingAllowed(TransactionGuardImpl.java:215)
	at com.intellij.openapi.application.TransactionGuardImpl.access$100(TransactionGuardImpl.java:22)
	at com.intellij.openapi.application.TransactionGuardImpl$1.run(TransactionGuardImpl.java:197)
	at com.intellij.openapi.application.impl.ApplicationImpl.runIntendedWriteActionOnCurrentThread(ApplicationImpl.java:873)
	at com.intellij.openapi.application.impl.ApplicationImpl$3.run(ApplicationImpl.java:511)
	at com.intellij.openapi.application.impl.FlushQueue.doRun(FlushQueue.java:69)
	at com.intellij.openapi.application.impl.FlushQueue.runNextEvent(FlushQueue.java:112)
	at com.intellij.openapi.application.impl.FlushQueue.flushNow(FlushQueue.java:42)
	at java.desktop/java.awt.event.InvocationEvent.dispatch(InvocationEvent.java:313)
	at java.desktop/java.awt.EventQueue.dispatchEventImpl(EventQueue.java:776)
	at java.desktop/java.awt.EventQueue$4.run(EventQueue.java:727)
	at java.desktop/java.awt.EventQueue$4.run(EventQueue.java:721)
	at java.base/java.security.AccessController.doPrivileged(Native Method)
	at java.base/java.security.ProtectionDomain$JavaSecurityAccessImpl.doIntersectionPrivilege(ProtectionDomain.java:85)
	at java.desktop/java.awt.EventQueue.dispatchEvent(EventQueue.java:746)
	at com.intellij.ide.IdeEventQueue.defaultDispatchEvent(IdeEventQueue.java:898)
	at com.intellij.ide.IdeEventQueue._dispatchEvent(IdeEventQueue.java:746)
	at com.intellij.ide.IdeEventQueue.lambda$dispatchEvent$6(IdeEventQueue.java:439)
	at com.intellij.openapi.progress.impl.CoreProgressManager.computePrioritized(CoreProgressManager.java:803)
	at com.intellij.ide.IdeEventQueue.lambda$dispatchEvent$7(IdeEventQueue.java:438)
	at com.intellij.openapi.application.TransactionGuardImpl.performActivity(TransactionGuardImpl.java:106)
	at com.intellij.ide.IdeEventQueue.performActivity(IdeEventQueue.java:604)
	at com.intellij.ide.IdeEventQueue.lambda$dispatchEvent$8(IdeEventQueue.java:436)
	at com.intellij.openapi.application.impl.ApplicationImpl.runIntendedWriteActionOnCurrentThread(ApplicationImpl.java:873)
	at com.intellij.ide.IdeEventQueue.dispatchEvent(IdeEventQueue.java:484)
	at java.desktop/java.awt.EventDispatchThread.pumpOneEventForFilters(EventDispatchThread.java:207)
	at java.desktop/java.awt.EventDispatchThread.pumpEventsForFilter(EventDispatchThread.java:128)
	at java.desktop/java.awt.EventDispatchThread.pumpEventsForHierarchy(EventDispatchThread.java:117)
	at java.desktop/java.awt.EventDispatchThread.pumpEvents(EventDispatchThread.java:113)
	at java.desktop/java.awt.EventDispatchThread.pumpEvents(EventDispatchThread.java:105)
	at java.desktop/java.awt.EventDispatchThread.run(EventDispatchThread.java:92)
2022-07-27 08:27:17 INFO  AnalyticsService.run(89) - 
java.net.UnknownHostException: codegym.cc
	at java.base/java.net.InetAddress$CachedAddresses.get(InetAddress.java:797)
	at java.base/java.net.InetAddress.getAllByName0(InetAddress.java:1509)
	at java.base/java.net.InetAddress.getAllByName(InetAddress.java:1368)
	at java.base/java.net.InetAddress.getAllByName(InetAddress.java:1302)
	at org.apache.http.impl.conn.SystemDefaultDnsResolver.resolve(SystemDefaultDnsResolver.java:45)
	at org.apache.http.impl.conn.DefaultHttpClientConnectionOperator.connect(DefaultHttpClientConnectionOperator.java:111)
	at org.apache.http.impl.conn.PoolingHttpClientConnectionManager.connect(PoolingHttpClientConnectionManager.java:353)
	at org.apache.http.impl.execchain.MainClientExec.establishRoute(MainClientExec.java:380)
	at org.apache.http.impl.execchain.MainClientExec.execute(MainClientExec.java:236)
	at org.apache.http.impl.execchain.ProtocolExec.execute(ProtocolExec.java:184)
	at org.apache.http.impl.execchain.RetryExec.execute(RetryExec.java:88)
	at org.apache.http.impl.execchain.RedirectExec.execute(RedirectExec.java:110)
	at org.apache.http.impl.client.InternalHttpClient.doExecute(InternalHttpClient.java:184)
	at org.apache.http.impl.client.CloseableHttpClient.execute(CloseableHttpClient.java:82)
	at org.apache.http.impl.client.CloseableHttpClient.execute(CloseableHttpClient.java:107)
	at com.homework.plugin.analytics.AnalyticsService$1.run(AnalyticsService.java:82)
	at java.base/java.util.concurrent.ThreadPoolExecutor.runWorker(ThreadPoolExecutor.java:1128)
	at java.base/java.util.concurrent.ThreadPoolExecutor$Worker.run(ThreadPoolExecutor.java:628)
	at java.base/java.lang.Thread.run(Thread.java:829)
2022-07-27 08:36:03 INFO  PluginProjectService.dispose(41) - PluginProjectService for disposed.
2022-07-27 08:36:20 INFO  ProjectStartupHandler.runActivity(74) - ---------- Project opened ----------
2022-07-27 08:36:20 INFO  ProjectStartupHandler.runActivity(75) - ---------- Version 3.57 ----------

2022-07-27 08:36:20 INFO  ApacheHttpClient.isSessionAppropriateWithSecretKey(602) - Waiting for server response.
2022-07-27 08:36:20 INFO  ApacheHttpClient.isSessionAppropriateWithSecretKey(602) - Waiting for server response.
2022-07-27 08:36:20 INFO  ApacheHttpClient.refreshUserInfo(305) - responseCode = 200
2022-07-27 08:36:20 INFO  ApacheHttpClient.refreshUserInfo(311) - User information received.
2022-07-27 08:36:20 INFO  ApacheHttpClient.startGA(36) - GAService started.
2022-07-27 08:37:51 INFO  ProjectStartupHandler.projectClosing(155) - ---------- Project closed ----------

2022-07-27 08:37:51 INFO  PluginProjectService.dispose(41) - PluginProjectService for disposed.
2022-07-27 08:38:03 INFO  ProjectStartupHandler.runActivity(74) - ---------- Project opened ----------
2022-07-27 08:38:03 INFO  ProjectStartupHandler.runActivity(75) - ---------- Version 3.57 ----------

2022-07-27 08:38:03 INFO  ApacheHttpClient.isSessionAppropriateWithSecretKey(602) - Waiting for server response.
2022-07-27 08:38:03 INFO  ApacheHttpClient.isSessionAppropriateWithSecretKey(602) - Waiting for server response.
2022-07-27 08:38:04 INFO  ApacheHttpClient.refreshUserInfo(305) - responseCode = 200
2022-07-27 08:38:04 INFO  ApacheHttpClient.refreshUserInfo(311) - User information received.
2022-07-27 08:38:04 INFO  ApacheHttpClient.startGA(36) - GAService started.
2022-07-27 08:43:51 INFO  ApacheHttpClient.getWebResourceAsStream(502) - responseCode = 200
2022-07-27 08:43:51 INFO  ApacheHttpClient.getFilteredTasks(336) - responseCode = 200
2022-07-27 08:43:53 INFO  ApacheHttpClient.getWebResourceAsStream(502) - responseCode = 200
2022-07-27 08:43:54 INFO  ApacheHttpClient.getTaskTemplateInfo(353) - responseCode = 200
2022-07-27 08:52:09 INFO  ApacheHttpClient.getWebResourceAsStream(502) - responseCode = 200
2022-07-27 08:52:10 INFO  ApacheHttpClient.getTask(488) - responseCode = 200
2022-07-27 08:52:12 INFO  ApacheHttpClient.completed(32) - responseCode = 200
2022-07-27 08:52:13 INFO  ApacheHttpClient.getTask(488) - responseCode = 200
2022-07-27 08:52:18 INFO  ApacheHttpClient.getWebResourceAsStream(502) - responseCode = 200
2022-07-27 08:52:18 INFO  ApacheHttpClient.getFilteredTasks(336) - responseCode = 200
2022-07-27 08:52:20 INFO  ApacheHttpClient.getWebResourceAsStream(502) - responseCode = 200
2022-07-27 08:52:21 INFO  ApacheHttpClient.getTaskTemplateInfo(353) - responseCode = 200
2022-07-27 08:56:55 INFO  ApacheHttpClient.getWebResourceAsStream(502) - responseCode = 200
2022-07-27 08:56:56 INFO  ApacheHttpClient.getTask(488) - responseCode = 200
2022-07-27 08:57:00 INFO  ApacheHttpClient.completed(32) - responseCode = 200
2022-07-27 08:57:00 INFO  ApacheHttpClient.getTask(488) - responseCode = 200
2022-07-27 08:57:07 INFO  ApacheHttpClient.getWebResourceAsStream(502) - responseCode = 200
2022-07-27 08:57:07 INFO  ApacheHttpClient.getFilteredTasks(336) - responseCode = 200
2022-07-27 08:57:11 INFO  ApacheHttpClient.getWebResourceAsStream(502) - responseCode = 200
2022-07-27 08:57:12 INFO  ApacheHttpClient.getTaskTemplateInfo(353) - responseCode = 200
2022-07-27 08:58:10 INFO  ApacheHttpClient.getWebResourceAsStream(502) - responseCode = 200
2022-07-27 08:58:10 INFO  ApacheHttpClient.getProject(473) - responseCode = 400
2022-07-27 08:58:15 INFO  ApacheHttpClient.getWebResourceAsStream(502) - responseCode = 200
2022-07-27 08:58:16 INFO  ApacheHttpClient.getTask(488) - responseCode = 200
2022-07-27 08:58:17 INFO  ApacheHttpClient.completed(32) - responseCode = 200
2022-07-27 08:58:17 INFO  ApacheHttpClient.getTask(488) - responseCode = 200
2022-07-27 08:58:25 INFO  ApacheHttpClient.getWebResourceAsStream(502) - responseCode = 200
2022-07-27 08:58:25 WARN  PluginUtil.getCurrentTask(78) - Error while retrieving the task key.
java.lang.StringIndexOutOfBoundsException: String index out of range: -1
	at java.base/java.lang.String.substring(String.java:1837)
	at com.homework.plugin.PluginUtil.getCurrentVirtualFile(PluginUtil.java:160)
	at com.homework.plugin.PluginUtil.getCurrentTask(PluginUtil.java:69)
	at com.homework.plugin.button.PublishButton.actionPerformed(PublishButton.java:69)
	at com.intellij.openapi.actionSystem.impl.ActionButton.actionPerformed(ActionButton.java:182)
	at com.intellij.openapi.actionSystem.impl.ActionButton.lambda$performAction$0(ActionButton.java:158)
	at com.intellij.openapi.actionSystem.ex.ActionUtil.performDumbAwareWithCallbacks(ActionUtil.java:256)
	at com.intellij.openapi.actionSystem.impl.ActionButton.performAction(ActionButton.java:158)
	at com.intellij.openapi.actionSystem.impl.ActionButton.processMouseEvent(ActionButton.java:464)
	at java.desktop/java.awt.Component.processEvent(Component.java:6419)
	at java.desktop/java.awt.Container.processEvent(Container.java:2263)
	at java.desktop/java.awt.Component.dispatchEventImpl(Component.java:5029)
	at java.desktop/java.awt.Container.dispatchEventImpl(Container.java:2321)
	at java.desktop/java.awt.Component.dispatchEvent(Component.java:4861)
	at java.desktop/java.awt.LightweightDispatcher.retargetMouseEvent(Container.java:4918)
	at java.desktop/java.awt.LightweightDispatcher.processMouseEvent(Container.java:4547)
	at java.desktop/java.awt.LightweightDispatcher.dispatchEvent(Container.java:4488)
	at java.desktop/java.awt.Container.dispatchEventImpl(Container.java:2307)
	at java.desktop/java.awt.Window.dispatchEventImpl(Window.java:2793)
	at java.desktop/java.awt.Component.dispatchEvent(Component.java:4861)
	at java.desktop/java.awt.EventQueue.dispatchEventImpl(EventQueue.java:778)
	at java.desktop/java.awt.EventQueue$4.run(EventQueue.java:727)
	at java.desktop/java.awt.EventQueue$4.run(EventQueue.java:721)
	at java.base/java.security.AccessController.doPrivileged(Native Method)
	at java.base/java.security.ProtectionDomain$JavaSecurityAccessImpl.doIntersectionPrivilege(ProtectionDomain.java:85)
	at java.base/java.security.ProtectionDomain$JavaSecurityAccessImpl.doIntersectionPrivilege(ProtectionDomain.java:95)
	at java.desktop/java.awt.EventQueue$5.run(EventQueue.java:751)
	at java.desktop/java.awt.EventQueue$5.run(EventQueue.java:749)
	at java.base/java.security.AccessController.doPrivileged(Native Method)
	at java.base/java.security.ProtectionDomain$JavaSecurityAccessImpl.doIntersectionPrivilege(ProtectionDomain.java:85)
	at java.desktop/java.awt.EventQueue.dispatchEvent(EventQueue.java:748)
	at com.intellij.ide.IdeEventQueue.defaultDispatchEvent(IdeEventQueue.java:898)
	at com.intellij.ide.IdeEventQueue.dispatchMouseEvent(IdeEventQueue.java:820)
	at com.intellij.ide.IdeEventQueue._dispatchEvent(IdeEventQueue.java:743)
	at com.intellij.ide.IdeEventQueue.lambda$dispatchEvent$6(IdeEventQueue.java:439)
	at com.intellij.openapi.progress.impl.CoreProgressManager.computePrioritized(CoreProgressManager.java:803)
	at com.intellij.ide.IdeEventQueue.lambda$dispatchEvent$7(IdeEventQueue.java:438)
	at com.intellij.openapi.application.TransactionGuardImpl.performActivity(TransactionGuardImpl.java:119)
	at com.intellij.ide.IdeEventQueue.performActivity(IdeEventQueue.java:604)
	at com.intellij.ide.IdeEventQueue.lambda$dispatchEvent$8(IdeEventQueue.java:436)
	at com.intellij.openapi.application.impl.ApplicationImpl.runIntendedWriteActionOnCurrentThread(ApplicationImpl.java:873)
	at com.intellij.ide.IdeEventQueue.dispatchEvent(IdeEventQueue.java:484)
	at java.desktop/java.awt.EventDispatchThread.pumpOneEventForFilters(EventDispatchThread.java:207)
	at java.desktop/java.awt.EventDispatchThread.pumpEventsForFilter(EventDispatchThread.java:128)
	at java.desktop/java.awt.EventDispatchThread.pumpEventsForHierarchy(EventDispatchThread.java:117)
	at java.desktop/java.awt.EventDispatchThread.pumpEvents(EventDispatchThread.java:113)
	at java.desktop/java.awt.EventDispatchThread.pumpEvents(EventDispatchThread.java:105)
	at java.desktop/java.awt.EventDispatchThread.run(EventDispatchThread.java:92)
2022-07-27 08:58:25 WARN  PluginUtil.getCurrentDirectory(109) - Error while getting the current directory.
java.lang.StringIndexOutOfBoundsException: String index out of range: -1
	at java.base/java.lang.String.substring(String.java:1837)
	at com.homework.plugin.PluginUtil.getCurrentVirtualFile(PluginUtil.java:160)
	at com.homework.plugin.PluginUtil.getCurrentDirectory(PluginUtil.java:107)
	at com.homework.plugin.button.PublishButton.actionPerformed(PublishButton.java:74)
	at com.intellij.openapi.actionSystem.impl.ActionButton.actionPerformed(ActionButton.java:182)
	at com.intellij.openapi.actionSystem.impl.ActionButton.lambda$performAction$0(ActionButton.java:158)
	at com.intellij.openapi.actionSystem.ex.ActionUtil.performDumbAwareWithCallbacks(ActionUtil.java:256)
	at com.intellij.openapi.actionSystem.impl.ActionButton.performAction(ActionButton.java:158)
	at com.intellij.openapi.actionSystem.impl.ActionButton.processMouseEvent(ActionButton.java:464)
	at java.desktop/java.awt.Component.processEvent(Component.java:6419)
	at java.desktop/java.awt.Container.processEvent(Container.java:2263)
	at java.desktop/java.awt.Component.dispatchEventImpl(Component.java:5029)
	at java.desktop/java.awt.Container.dispatchEventImpl(Container.java:2321)
	at java.desktop/java.awt.Component.dispatchEvent(Component.java:4861)
	at java.desktop/java.awt.LightweightDispatcher.retargetMouseEvent(Container.java:4918)
	at java.desktop/java.awt.LightweightDispatcher.processMouseEvent(Container.java:4547)
	at java.desktop/java.awt.LightweightDispatcher.dispatchEvent(Container.java:4488)
	at java.desktop/java.awt.Container.dispatchEventImpl(Container.java:2307)
	at java.desktop/java.awt.Window.dispatchEventImpl(Window.java:2793)
	at java.desktop/java.awt.Component.dispatchEvent(Component.java:4861)
	at java.desktop/java.awt.EventQueue.dispatchEventImpl(EventQueue.java:778)
	at java.desktop/java.awt.EventQueue$4.run(EventQueue.java:727)
	at java.desktop/java.awt.EventQueue$4.run(EventQueue.java:721)
	at java.base/java.security.AccessController.doPrivileged(Native Method)
	at java.base/java.security.ProtectionDomain$JavaSecurityAccessImpl.doIntersectionPrivilege(ProtectionDomain.java:85)
	at java.base/java.security.ProtectionDomain$JavaSecurityAccessImpl.doIntersectionPrivilege(ProtectionDomain.java:95)
	at java.desktop/java.awt.EventQueue$5.run(EventQueue.java:751)
	at java.desktop/java.awt.EventQueue$5.run(EventQueue.java:749)
	at java.base/java.security.AccessController.doPrivileged(Native Method)
	at java.base/java.security.ProtectionDomain$JavaSecurityAccessImpl.doIntersectionPrivilege(ProtectionDomain.java:85)
	at java.desktop/java.awt.EventQueue.dispatchEvent(EventQueue.java:748)
	at com.intellij.ide.IdeEventQueue.defaultDispatchEvent(IdeEventQueue.java:898)
	at com.intellij.ide.IdeEventQueue.dispatchMouseEvent(IdeEventQueue.java:820)
	at com.intellij.ide.IdeEventQueue._dispatchEvent(IdeEventQueue.java:743)
	at com.intellij.ide.IdeEventQueue.lambda$dispatchEvent$6(IdeEventQueue.java:439)
	at com.intellij.openapi.progress.impl.CoreProgressManager.computePrioritized(CoreProgressManager.java:803)
	at com.intellij.ide.IdeEventQueue.lambda$dispatchEvent$7(IdeEventQueue.java:438)
	at com.intellij.openapi.application.TransactionGuardImpl.performActivity(TransactionGuardImpl.java:119)
	at com.intellij.ide.IdeEventQueue.performActivity(IdeEventQueue.java:604)
	at com.intellij.ide.IdeEventQueue.lambda$dispatchEvent$8(IdeEventQueue.java:436)
	at com.intellij.openapi.application.impl.ApplicationImpl.runIntendedWriteActionOnCurrentThread(ApplicationImpl.java:873)
	at com.intellij.ide.IdeEventQueue.dispatchEvent(IdeEventQueue.java:484)
	at java.desktop/java.awt.EventDispatchThread.pumpOneEventForFilters(EventDispatchThread.java:207)
	at java.desktop/java.awt.EventDispatchThread.pumpEventsForFilter(EventDispatchThread.java:128)
	at java.desktop/java.awt.EventDispatchThread.pumpEventsForHierarchy(EventDispatchThread.java:117)
	at java.desktop/java.awt.EventDispatchThread.pumpEvents(EventDispatchThread.java:113)
	at java.desktop/java.awt.EventDispatchThread.pumpEvents(EventDispatchThread.java:105)
	at java.desktop/java.awt.EventDispatchThread.run(EventDispatchThread.java:92)
2022-07-27 08:58:26 INFO  ApacheHttpClient.getProject(473) - responseCode = 400
2022-07-27 08:58:29 INFO  ApacheHttpClient.getWebResourceAsStream(502) - responseCode = 200
2022-07-27 08:58:30 INFO  ApacheHttpClient.getFilteredTasks(336) - responseCode = 200
2022-07-27 08:58:36 INFO  ApacheHttpClient.getWebResourceAsStream(502) - responseCode = 200
2022-07-27 08:58:36 WARN  PluginUtil.getCurrentTask(78) - Error while retrieving the task key.
java.lang.StringIndexOutOfBoundsException: String index out of range: -1
	at java.base/java.lang.String.substring(String.java:1837)
	at com.homework.plugin.PluginUtil.getCurrentVirtualFile(PluginUtil.java:160)
	at com.homework.plugin.PluginUtil.getCurrentTask(PluginUtil.java:69)
	at com.homework.plugin.button.StyleCheckButton.actionPerformed(StyleCheckButton.java:56)
	at com.intellij.openapi.actionSystem.impl.ActionButton.actionPerformed(ActionButton.java:182)
	at com.intellij.openapi.actionSystem.impl.ActionButton.lambda$performAction$0(ActionButton.java:158)
	at com.intellij.openapi.actionSystem.ex.ActionUtil.performDumbAwareWithCallbacks(ActionUtil.java:256)
	at com.intellij.openapi.actionSystem.impl.ActionButton.performAction(ActionButton.java:158)
	at com.intellij.openapi.actionSystem.impl.ActionButton.processMouseEvent(ActionButton.java:464)
	at java.desktop/java.awt.Component.processEvent(Component.java:6419)
	at java.desktop/java.awt.Container.processEvent(Container.java:2263)
	at java.desktop/java.awt.Component.dispatchEventImpl(Component.java:5029)
	at java.desktop/java.awt.Container.dispatchEventImpl(Container.java:2321)
	at java.desktop/java.awt.Component.dispatchEvent(Component.java:4861)
	at java.desktop/java.awt.LightweightDispatcher.retargetMouseEvent(Container.java:4918)
	at java.desktop/java.awt.LightweightDispatcher.processMouseEvent(Container.java:4547)
	at java.desktop/java.awt.LightweightDispatcher.dispatchEvent(Container.java:4488)
	at java.desktop/java.awt.Container.dispatchEventImpl(Container.java:2307)
	at java.desktop/java.awt.Window.dispatchEventImpl(Window.java:2793)
	at java.desktop/java.awt.Component.dispatchEvent(Component.java:4861)
	at java.desktop/java.awt.EventQueue.dispatchEventImpl(EventQueue.java:778)
	at java.desktop/java.awt.EventQueue$4.run(EventQueue.java:727)
	at java.desktop/java.awt.EventQueue$4.run(EventQueue.java:721)
	at java.base/java.security.AccessController.doPrivileged(Native Method)
	at java.base/java.security.ProtectionDomain$JavaSecurityAccessImpl.doIntersectionPrivilege(ProtectionDomain.java:85)
	at java.base/java.security.ProtectionDomain$JavaSecurityAccessImpl.doIntersectionPrivilege(ProtectionDomain.java:95)
	at java.desktop/java.awt.EventQueue$5.run(EventQueue.java:751)
	at java.desktop/java.awt.EventQueue$5.run(EventQueue.java:749)
	at java.base/java.security.AccessController.doPrivileged(Native Method)
	at java.base/java.security.ProtectionDomain$JavaSecurityAccessImpl.doIntersectionPrivilege(ProtectionDomain.java:85)
	at java.desktop/java.awt.EventQueue.dispatchEvent(EventQueue.java:748)
	at com.intellij.ide.IdeEventQueue.defaultDispatchEvent(IdeEventQueue.java:898)
	at com.intellij.ide.IdeEventQueue.dispatchMouseEvent(IdeEventQueue.java:820)
	at com.intellij.ide.IdeEventQueue._dispatchEvent(IdeEventQueue.java:743)
	at com.intellij.ide.IdeEventQueue.lambda$dispatchEvent$6(IdeEventQueue.java:439)
	at com.intellij.openapi.progress.impl.CoreProgressManager.computePrioritized(CoreProgressManager.java:803)
	at com.intellij.ide.IdeEventQueue.lambda$dispatchEvent$7(IdeEventQueue.java:438)
	at com.intellij.openapi.application.TransactionGuardImpl.performActivity(TransactionGuardImpl.java:119)
	at com.intellij.ide.IdeEventQueue.performActivity(IdeEventQueue.java:604)
	at com.intellij.ide.IdeEventQueue.lambda$dispatchEvent$8(IdeEventQueue.java:436)
	at com.intellij.openapi.application.impl.ApplicationImpl.runIntendedWriteActionOnCurrentThread(ApplicationImpl.java:873)
	at com.intellij.ide.IdeEventQueue.dispatchEvent(IdeEventQueue.java:484)
	at java.desktop/java.awt.EventDispatchThread.pumpOneEventForFilters(EventDispatchThread.java:207)
	at java.desktop/java.awt.EventDispatchThread.pumpEventsForFilter(EventDispatchThread.java:128)
	at java.desktop/java.awt.EventDispatchThread.pumpEventsForHierarchy(EventDispatchThread.java:117)
	at java.desktop/java.awt.EventDispatchThread.pumpEvents(EventDispatchThread.java:113)
	at java.desktop/java.awt.EventDispatchThread.pumpEvents(EventDispatchThread.java:105)
	at java.desktop/java.awt.EventDispatchThread.run(EventDispatchThread.java:92)
2022-07-27 08:58:36 WARN  PluginUtil.getCurrentDirectory(109) - Error while getting the current directory.
java.lang.StringIndexOutOfBoundsException: String index out of range: -1
	at java.base/java.lang.String.substring(String.java:1837)
	at com.homework.plugin.PluginUtil.getCurrentVirtualFile(PluginUtil.java:160)
	at com.homework.plugin.PluginUtil.getCurrentDirectory(PluginUtil.java:107)
	at com.homework.plugin.button.StyleCheckButton.actionPerformed(StyleCheckButton.java:61)
	at com.intellij.openapi.actionSystem.impl.ActionButton.actionPerformed(ActionButton.java:182)
	at com.intellij.openapi.actionSystem.impl.ActionButton.lambda$performAction$0(ActionButton.java:158)
	at com.intellij.openapi.actionSystem.ex.ActionUtil.performDumbAwareWithCallbacks(ActionUtil.java:256)
	at com.intellij.openapi.actionSystem.impl.ActionButton.performAction(ActionButton.java:158)
	at com.intellij.openapi.actionSystem.impl.ActionButton.processMouseEvent(ActionButton.java:464)
	at java.desktop/java.awt.Component.processEvent(Component.java:6419)
	at java.desktop/java.awt.Container.processEvent(Container.java:2263)
	at java.desktop/java.awt.Component.dispatchEventImpl(Component.java:5029)
	at java.desktop/java.awt.Container.dispatchEventImpl(Container.java:2321)
	at java.desktop/java.awt.Component.dispatchEvent(Component.java:4861)
	at java.desktop/java.awt.LightweightDispatcher.retargetMouseEvent(Container.java:4918)
	at java.desktop/java.awt.LightweightDispatcher.processMouseEvent(Container.java:4547)
	at java.desktop/java.awt.LightweightDispatcher.dispatchEvent(Container.java:4488)
	at java.desktop/java.awt.Container.dispatchEventImpl(Container.java:2307)
	at java.desktop/java.awt.Window.dispatchEventImpl(Window.java:2793)
	at java.desktop/java.awt.Component.dispatchEvent(Component.java:4861)
	at java.desktop/java.awt.EventQueue.dispatchEventImpl(EventQueue.java:778)
	at java.desktop/java.awt.EventQueue$4.run(EventQueue.java:727)
	at java.desktop/java.awt.EventQueue$4.run(EventQueue.java:721)
	at java.base/java.security.AccessController.doPrivileged(Native Method)
	at java.base/java.security.ProtectionDomain$JavaSecurityAccessImpl.doIntersectionPrivilege(ProtectionDomain.java:85)
	at java.base/java.security.ProtectionDomain$JavaSecurityAccessImpl.doIntersectionPrivilege(ProtectionDomain.java:95)
	at java.desktop/java.awt.EventQueue$5.run(EventQueue.java:751)
	at java.desktop/java.awt.EventQueue$5.run(EventQueue.java:749)
	at java.base/java.security.AccessController.doPrivileged(Native Method)
	at java.base/java.security.ProtectionDomain$JavaSecurityAccessImpl.doIntersectionPrivilege(ProtectionDomain.java:85)
	at java.desktop/java.awt.EventQueue.dispatchEvent(EventQueue.java:748)
	at com.intellij.ide.IdeEventQueue.defaultDispatchEvent(IdeEventQueue.java:898)
	at com.intellij.ide.IdeEventQueue.dispatchMouseEvent(IdeEventQueue.java:820)
	at com.intellij.ide.IdeEventQueue._dispatchEvent(IdeEventQueue.java:743)
	at com.intellij.ide.IdeEventQueue.lambda$dispatchEvent$6(IdeEventQueue.java:439)
	at com.intellij.openapi.progress.impl.CoreProgressManager.computePrioritized(CoreProgressManager.java:803)
	at com.intellij.ide.IdeEventQueue.lambda$dispatchEvent$7(IdeEventQueue.java:438)
	at com.intellij.openapi.application.TransactionGuardImpl.performActivity(TransactionGuardImpl.java:119)
	at com.intellij.ide.IdeEventQueue.performActivity(IdeEventQueue.java:604)
	at com.intellij.ide.IdeEventQueue.lambda$dispatchEvent$8(IdeEventQueue.java:436)
	at com.intellij.openapi.application.impl.ApplicationImpl.runIntendedWriteActionOnCurrentThread(ApplicationImpl.java:873)
	at com.intellij.ide.IdeEventQueue.dispatchEvent(IdeEventQueue.java:484)
	at java.desktop/java.awt.EventDispatchThread.pumpOneEventForFilters(EventDispatchThread.java:207)
	at java.desktop/java.awt.EventDispatchThread.pumpEventsForFilter(EventDispatchThread.java:128)
	at java.desktop/java.awt.EventDispatchThread.pumpEventsForHierarchy(EventDispatchThread.java:117)
	at java.desktop/java.awt.EventDispatchThread.pumpEvents(EventDispatchThread.java:113)
	at java.desktop/java.awt.EventDispatchThread.pumpEvents(EventDispatchThread.java:105)
	at java.desktop/java.awt.EventDispatchThread.run(EventDispatchThread.java:92)
2022-07-27 08:58:36 WARN  PluginUtil.getCurrentDirectory(109) - Error while getting the current directory.
java.lang.StringIndexOutOfBoundsException: String index out of range: -1
	at java.base/java.lang.String.substring(String.java:1837)
	at com.homework.plugin.PluginUtil.getCurrentVirtualFile(PluginUtil.java:160)
	at com.homework.plugin.PluginUtil.getCurrentDirectory(PluginUtil.java:107)
	at com.homework.plugin.PluginUtil.getTaskTitle(PluginUtil.java:84)
	at com.homework.plugin.button.StyleCheckButton.actionPerformed(StyleCheckButton.java:83)
	at com.intellij.openapi.actionSystem.impl.ActionButton.actionPerformed(ActionButton.java:182)
	at com.intellij.openapi.actionSystem.impl.ActionButton.lambda$performAction$0(ActionButton.java:158)
	at com.intellij.openapi.actionSystem.ex.ActionUtil.performDumbAwareWithCallbacks(ActionUtil.java:256)
	at com.intellij.openapi.actionSystem.impl.ActionButton.performAction(ActionButton.java:158)
	at com.intellij.openapi.actionSystem.impl.ActionButton.processMouseEvent(ActionButton.java:464)
	at java.desktop/java.awt.Component.processEvent(Component.java:6419)
	at java.desktop/java.awt.Container.processEvent(Container.java:2263)
	at java.desktop/java.awt.Component.dispatchEventImpl(Component.java:5029)
	at java.desktop/java.awt.Container.dispatchEventImpl(Container.java:2321)
	at java.desktop/java.awt.Component.dispatchEvent(Component.java:4861)
	at java.desktop/java.awt.LightweightDispatcher.retargetMouseEvent(Container.java:4918)
	at java.desktop/java.awt.LightweightDispatcher.processMouseEvent(Container.java:4547)
	at java.desktop/java.awt.LightweightDispatcher.dispatchEvent(Container.java:4488)
	at java.desktop/java.awt.Container.dispatchEventImpl(Container.java:2307)
	at java.desktop/java.awt.Window.dispatchEventImpl(Window.java:2793)
	at java.desktop/java.awt.Component.dispatchEvent(Component.java:4861)
	at java.desktop/java.awt.EventQueue.dispatchEventImpl(EventQueue.java:778)
	at java.desktop/java.awt.EventQueue$4.run(EventQueue.java:727)
	at java.desktop/java.awt.EventQueue$4.run(EventQueue.java:721)
	at java.base/java.security.AccessController.doPrivileged(Native Method)
	at java.base/java.security.ProtectionDomain$JavaSecurityAccessImpl.doIntersectionPrivilege(ProtectionDomain.java:85)
	at java.base/java.security.ProtectionDomain$JavaSecurityAccessImpl.doIntersectionPrivilege(ProtectionDomain.java:95)
	at java.desktop/java.awt.EventQueue$5.run(EventQueue.java:751)
	at java.desktop/java.awt.EventQueue$5.run(EventQueue.java:749)
	at java.base/java.security.AccessController.doPrivileged(Native Method)
	at java.base/java.security.ProtectionDomain$JavaSecurityAccessImpl.doIntersectionPrivilege(ProtectionDomain.java:85)
	at java.desktop/java.awt.EventQueue.dispatchEvent(EventQueue.java:748)
	at com.intellij.ide.IdeEventQueue.defaultDispatchEvent(IdeEventQueue.java:898)
	at com.intellij.ide.IdeEventQueue.dispatchMouseEvent(IdeEventQueue.java:820)
	at com.intellij.ide.IdeEventQueue._dispatchEvent(IdeEventQueue.java:743)
	at com.intellij.ide.IdeEventQueue.lambda$dispatchEvent$6(IdeEventQueue.java:439)
	at com.intellij.openapi.progress.impl.CoreProgressManager.computePrioritized(CoreProgressManager.java:803)
	at com.intellij.ide.IdeEventQueue.lambda$dispatchEvent$7(IdeEventQueue.java:438)
	at com.intellij.openapi.application.TransactionGuardImpl.performActivity(TransactionGuardImpl.java:119)
	at com.intellij.ide.IdeEventQueue.performActivity(IdeEventQueue.java:604)
	at com.intellij.ide.IdeEventQueue.lambda$dispatchEvent$8(IdeEventQueue.java:436)
	at com.intellij.openapi.application.impl.ApplicationImpl.runIntendedWriteActionOnCurrentThread(ApplicationImpl.java:873)
	at com.intellij.ide.IdeEventQueue.dispatchEvent(IdeEventQueue.java:484)
	at java.desktop/java.awt.EventDispatchThread.pumpOneEventForFilters(EventDispatchThread.java:207)
	at java.desktop/java.awt.EventDispatchThread.pumpEventsForFilter(EventDispatchThread.java:128)
	at java.desktop/java.awt.EventDispatchThread.pumpEventsForHierarchy(EventDispatchThread.java:117)
	at java.desktop/java.awt.EventDispatchThread.pumpEvents(EventDispatchThread.java:113)
	at java.desktop/java.awt.EventDispatchThread.pumpEvents(EventDispatchThread.java:105)
	at java.desktop/java.awt.EventDispatchThread.run(EventDispatchThread.java:92)
2022-07-27 08:58:37 INFO  ApacheHttpClient.getTask(488) - responseCode = 200
2022-07-27 08:58:38 INFO  ApacheHttpClient.completed(32) - responseCode = 200
2022-07-27 08:58:54 INFO  ApacheHttpClient.getWebResourceAsStream(502) - responseCode = 200
2022-07-27 08:58:54 WARN  PluginUtil.getCurrentTask(78) - Error while retrieving the task key.
java.lang.StringIndexOutOfBoundsException: String index out of range: -1
	at java.base/java.lang.String.substring(String.java:1837)
	at com.homework.plugin.PluginUtil.getCurrentVirtualFile(PluginUtil.java:160)
	at com.homework.plugin.PluginUtil.getCurrentTask(PluginUtil.java:69)
	at com.homework.plugin.button.ValidateButton.actionPerformed(ValidateButton.java:57)
	at com.intellij.openapi.actionSystem.impl.ActionButton.actionPerformed(ActionButton.java:182)
	at com.intellij.openapi.actionSystem.impl.ActionButton.lambda$performAction$0(ActionButton.java:158)
	at com.intellij.openapi.actionSystem.ex.ActionUtil.performDumbAwareWithCallbacks(ActionUtil.java:256)
	at com.intellij.openapi.actionSystem.impl.ActionButton.performAction(ActionButton.java:158)
	at com.intellij.openapi.actionSystem.impl.ActionButton.processMouseEvent(ActionButton.java:464)
	at java.desktop/java.awt.Component.processEvent(Component.java:6419)
	at java.desktop/java.awt.Container.processEvent(Container.java:2263)
	at java.desktop/java.awt.Component.dispatchEventImpl(Component.java:5029)
	at java.desktop/java.awt.Container.dispatchEventImpl(Container.java:2321)
	at java.desktop/java.awt.Component.dispatchEvent(Component.java:4861)
	at java.desktop/java.awt.LightweightDispatcher.retargetMouseEvent(Container.java:4918)
	at java.desktop/java.awt.LightweightDispatcher.processMouseEvent(Container.java:4547)
	at java.desktop/java.awt.LightweightDispatcher.dispatchEvent(Container.java:4488)
	at java.desktop/java.awt.Container.dispatchEventImpl(Container.java:2307)
	at java.desktop/java.awt.Window.dispatchEventImpl(Window.java:2793)
	at java.desktop/java.awt.Component.dispatchEvent(Component.java:4861)
	at java.desktop/java.awt.EventQueue.dispatchEventImpl(EventQueue.java:778)
	at java.desktop/java.awt.EventQueue$4.run(EventQueue.java:727)
	at java.desktop/java.awt.EventQueue$4.run(EventQueue.java:721)
	at java.base/java.security.AccessController.doPrivileged(Native Method)
	at java.base/java.security.ProtectionDomain$JavaSecurityAccessImpl.doIntersectionPrivilege(ProtectionDomain.java:85)
	at java.base/java.security.ProtectionDomain$JavaSecurityAccessImpl.doIntersectionPrivilege(ProtectionDomain.java:95)
	at java.desktop/java.awt.EventQueue$5.run(EventQueue.java:751)
	at java.desktop/java.awt.EventQueue$5.run(EventQueue.java:749)
	at java.base/java.security.AccessController.doPrivileged(Native Method)
	at java.base/java.security.ProtectionDomain$JavaSecurityAccessImpl.doIntersectionPrivilege(ProtectionDomain.java:85)
	at java.desktop/java.awt.EventQueue.dispatchEvent(EventQueue.java:748)
	at com.intellij.ide.IdeEventQueue.defaultDispatchEvent(IdeEventQueue.java:898)
	at com.intellij.ide.IdeEventQueue.dispatchMouseEvent(IdeEventQueue.java:820)
	at com.intellij.ide.IdeEventQueue._dispatchEvent(IdeEventQueue.java:743)
	at com.intellij.ide.IdeEventQueue.lambda$dispatchEvent$6(IdeEventQueue.java:439)
	at com.intellij.openapi.progress.impl.CoreProgressManager.computePrioritized(CoreProgressManager.java:803)
	at com.intellij.ide.IdeEventQueue.lambda$dispatchEvent$7(IdeEventQueue.java:438)
	at com.intellij.openapi.application.TransactionGuardImpl.performActivity(TransactionGuardImpl.java:119)
	at com.intellij.ide.IdeEventQueue.performActivity(IdeEventQueue.java:604)
	at com.intellij.ide.IdeEventQueue.lambda$dispatchEvent$8(IdeEventQueue.java:436)
	at com.intellij.openapi.application.impl.ApplicationImpl.runIntendedWriteActionOnCurrentThread(ApplicationImpl.java:873)
	at com.intellij.ide.IdeEventQueue.dispatchEvent(IdeEventQueue.java:484)
	at java.desktop/java.awt.EventDispatchThread.pumpOneEventForFilters(EventDispatchThread.java:207)
	at java.desktop/java.awt.EventDispatchThread.pumpEventsForFilter(EventDispatchThread.java:128)
	at java.desktop/java.awt.EventDispatchThread.pumpEventsForHierarchy(EventDispatchThread.java:117)
	at java.desktop/java.awt.EventDispatchThread.pumpEvents(EventDispatchThread.java:113)
	at java.desktop/java.awt.EventDispatchThread.pumpEvents(EventDispatchThread.java:105)
	at java.desktop/java.awt.EventDispatchThread.run(EventDispatchThread.java:92)
2022-07-27 08:58:54 WARN  PluginUtil.getCurrentDirectory(109) - Error while getting the current directory.
java.lang.StringIndexOutOfBoundsException: String index out of range: -1
	at java.base/java.lang.String.substring(String.java:1837)
	at com.homework.plugin.PluginUtil.getCurrentVirtualFile(PluginUtil.java:160)
	at com.homework.plugin.PluginUtil.getCurrentDirectory(PluginUtil.java:107)
	at com.homework.plugin.button.ValidateButton.actionPerformed(ValidateButton.java:62)
	at com.intellij.openapi.actionSystem.impl.ActionButton.actionPerformed(ActionButton.java:182)
	at com.intellij.openapi.actionSystem.impl.ActionButton.lambda$performAction$0(ActionButton.java:158)
	at com.intellij.openapi.actionSystem.ex.ActionUtil.performDumbAwareWithCallbacks(ActionUtil.java:256)
	at com.intellij.openapi.actionSystem.impl.ActionButton.performAction(ActionButton.java:158)
	at com.intellij.openapi.actionSystem.impl.ActionButton.processMouseEvent(ActionButton.java:464)
	at java.desktop/java.awt.Component.processEvent(Component.java:6419)
	at java.desktop/java.awt.Container.processEvent(Container.java:2263)
	at java.desktop/java.awt.Component.dispatchEventImpl(Component.java:5029)
	at java.desktop/java.awt.Container.dispatchEventImpl(Container.java:2321)
	at java.desktop/java.awt.Component.dispatchEvent(Component.java:4861)
	at java.desktop/java.awt.LightweightDispatcher.retargetMouseEvent(Container.java:4918)
	at java.desktop/java.awt.LightweightDispatcher.processMouseEvent(Container.java:4547)
	at java.desktop/java.awt.LightweightDispatcher.dispatchEvent(Container.java:4488)
	at java.desktop/java.awt.Container.dispatchEventImpl(Container.java:2307)
	at java.desktop/java.awt.Window.dispatchEventImpl(Window.java:2793)
	at java.desktop/java.awt.Component.dispatchEvent(Component.java:4861)
	at java.desktop/java.awt.EventQueue.dispatchEventImpl(EventQueue.java:778)
	at java.desktop/java.awt.EventQueue$4.run(EventQueue.java:727)
	at java.desktop/java.awt.EventQueue$4.run(EventQueue.java:721)
	at java.base/java.security.AccessController.doPrivileged(Native Method)
	at java.base/java.security.ProtectionDomain$JavaSecurityAccessImpl.doIntersectionPrivilege(ProtectionDomain.java:85)
	at java.base/java.security.ProtectionDomain$JavaSecurityAccessImpl.doIntersectionPrivilege(ProtectionDomain.java:95)
	at java.desktop/java.awt.EventQueue$5.run(EventQueue.java:751)
	at java.desktop/java.awt.EventQueue$5.run(EventQueue.java:749)
	at java.base/java.security.AccessController.doPrivileged(Native Method)
	at java.base/java.security.ProtectionDomain$JavaSecurityAccessImpl.doIntersectionPrivilege(ProtectionDomain.java:85)
	at java.desktop/java.awt.EventQueue.dispatchEvent(EventQueue.java:748)
	at com.intellij.ide.IdeEventQueue.defaultDispatchEvent(IdeEventQueue.java:898)
	at com.intellij.ide.IdeEventQueue.dispatchMouseEvent(IdeEventQueue.java:820)
	at com.intellij.ide.IdeEventQueue._dispatchEvent(IdeEventQueue.java:743)
	at com.intellij.ide.IdeEventQueue.lambda$dispatchEvent$6(IdeEventQueue.java:439)
	at com.intellij.openapi.progress.impl.CoreProgressManager.computePrioritized(CoreProgressManager.java:803)
	at com.intellij.ide.IdeEventQueue.lambda$dispatchEvent$7(IdeEventQueue.java:438)
	at com.intellij.openapi.application.TransactionGuardImpl.performActivity(TransactionGuardImpl.java:119)
	at com.intellij.ide.IdeEventQueue.performActivity(IdeEventQueue.java:604)
	at com.intellij.ide.IdeEventQueue.lambda$dispatchEvent$8(IdeEventQueue.java:436)
	at com.intellij.openapi.application.impl.ApplicationImpl.runIntendedWriteActionOnCurrentThread(ApplicationImpl.java:873)
	at com.intellij.ide.IdeEventQueue.dispatchEvent(IdeEventQueue.java:484)
	at java.desktop/java.awt.EventDispatchThread.pumpOneEventForFilters(EventDispatchThread.java:207)
	at java.desktop/java.awt.EventDispatchThread.pumpEventsForFilter(EventDispatchThread.java:128)
	at java.desktop/java.awt.EventDispatchThread.pumpEventsForHierarchy(EventDispatchThread.java:117)
	at java.desktop/java.awt.EventDispatchThread.pumpEvents(EventDispatchThread.java:113)
	at java.desktop/java.awt.EventDispatchThread.pumpEvents(EventDispatchThread.java:105)
	at java.desktop/java.awt.EventDispatchThread.run(EventDispatchThread.java:92)
2022-07-27 08:58:54 WARN  PluginUtil.getCurrentDirectory(109) - Error while getting the current directory.
java.lang.StringIndexOutOfBoundsException: String index out of range: -1
	at java.base/java.lang.String.substring(String.java:1837)
	at com.homework.plugin.PluginUtil.getCurrentVirtualFile(PluginUtil.java:160)
	at com.homework.plugin.PluginUtil.getCurrentDirectory(PluginUtil.java:107)
	at com.homework.plugin.PluginUtil.getTaskTitle(PluginUtil.java:84)
	at com.homework.plugin.button.ValidateButton.actionPerformed(ValidateButton.java:85)
	at com.intellij.openapi.actionSystem.impl.ActionButton.actionPerformed(ActionButton.java:182)
	at com.intellij.openapi.actionSystem.impl.ActionButton.lambda$performAction$0(ActionButton.java:158)
	at com.intellij.openapi.actionSystem.ex.ActionUtil.performDumbAwareWithCallbacks(ActionUtil.java:256)
	at com.intellij.openapi.actionSystem.impl.ActionButton.performAction(ActionButton.java:158)
	at com.intellij.openapi.actionSystem.impl.ActionButton.processMouseEvent(ActionButton.java:464)
	at java.desktop/java.awt.Component.processEvent(Component.java:6419)
	at java.desktop/java.awt.Container.processEvent(Container.java:2263)
	at java.desktop/java.awt.Component.dispatchEventImpl(Component.java:5029)
	at java.desktop/java.awt.Container.dispatchEventImpl(Container.java:2321)
	at java.desktop/java.awt.Component.dispatchEvent(Component.java:4861)
	at java.desktop/java.awt.LightweightDispatcher.retargetMouseEvent(Container.java:4918)
	at java.desktop/java.awt.LightweightDispatcher.processMouseEvent(Container.java:4547)
	at java.desktop/java.awt.LightweightDispatcher.dispatchEvent(Container.java:4488)
	at java.desktop/java.awt.Container.dispatchEventImpl(Container.java:2307)
	at java.desktop/java.awt.Window.dispatchEventImpl(Window.java:2793)
	at java.desktop/java.awt.Component.dispatchEvent(Component.java:4861)
	at java.desktop/java.awt.EventQueue.dispatchEventImpl(EventQueue.java:778)
	at java.desktop/java.awt.EventQueue$4.run(EventQueue.java:727)
	at java.desktop/java.awt.EventQueue$4.run(EventQueue.java:721)
	at java.base/java.security.AccessController.doPrivileged(Native Method)
	at java.base/java.security.ProtectionDomain$JavaSecurityAccessImpl.doIntersectionPrivilege(ProtectionDomain.java:85)
	at java.base/java.security.ProtectionDomain$JavaSecurityAccessImpl.doIntersectionPrivilege(ProtectionDomain.java:95)
	at java.desktop/java.awt.EventQueue$5.run(EventQueue.java:751)
	at java.desktop/java.awt.EventQueue$5.run(EventQueue.java:749)
	at java.base/java.security.AccessController.doPrivileged(Native Method)
	at java.base/java.security.ProtectionDomain$JavaSecurityAccessImpl.doIntersectionPrivilege(ProtectionDomain.java:85)
	at java.desktop/java.awt.EventQueue.dispatchEvent(EventQueue.java:748)
	at com.intellij.ide.IdeEventQueue.defaultDispatchEvent(IdeEventQueue.java:898)
	at com.intellij.ide.IdeEventQueue.dispatchMouseEvent(IdeEventQueue.java:820)
	at com.intellij.ide.IdeEventQueue._dispatchEvent(IdeEventQueue.java:743)
	at com.intellij.ide.IdeEventQueue.lambda$dispatchEvent$6(IdeEventQueue.java:439)
	at com.intellij.openapi.progress.impl.CoreProgressManager.computePrioritized(CoreProgressManager.java:803)
	at com.intellij.ide.IdeEventQueue.lambda$dispatchEvent$7(IdeEventQueue.java:438)
	at com.intellij.openapi.application.TransactionGuardImpl.performActivity(TransactionGuardImpl.java:119)
	at com.intellij.ide.IdeEventQueue.performActivity(IdeEventQueue.java:604)
	at com.intellij.ide.IdeEventQueue.lambda$dispatchEvent$8(IdeEventQueue.java:436)
	at com.intellij.openapi.application.impl.ApplicationImpl.runIntendedWriteActionOnCurrentThread(ApplicationImpl.java:873)
	at com.intellij.ide.IdeEventQueue.dispatchEvent(IdeEventQueue.java:484)
	at java.desktop/java.awt.EventDispatchThread.pumpOneEventForFilters(EventDispatchThread.java:207)
	at java.desktop/java.awt.EventDispatchThread.pumpEventsForFilter(EventDispatchThread.java:128)
	at java.desktop/java.awt.EventDispatchThread.pumpEventsForHierarchy(EventDispatchThread.java:117)
	at java.desktop/java.awt.EventDispatchThread.pumpEvents(EventDispatchThread.java:113)
	at java.desktop/java.awt.EventDispatchThread.pumpEvents(EventDispatchThread.java:105)
	at java.desktop/java.awt.EventDispatchThread.run(EventDispatchThread.java:92)
2022-07-27 08:58:54 INFO  ApacheHttpClient.getTask(488) - responseCode = 200
2022-07-27 08:58:56 INFO  ApacheHttpClient.completed(32) - responseCode = 200
2022-07-27 08:58:56 INFO  ApacheHttpClient.getTask(488) - responseCode = 200
2022-07-27 08:59:02 INFO  ApacheHttpClient.getWebResourceAsStream(502) - responseCode = 200
2022-07-27 08:59:02 WARN  PluginUtil.getCurrentTask(78) - Error while retrieving the task key.
java.lang.StringIndexOutOfBoundsException: String index out of range: -1
	at java.base/java.lang.String.substring(String.java:1837)
	at com.homework.plugin.PluginUtil.getCurrentVirtualFile(PluginUtil.java:160)
	at com.homework.plugin.PluginUtil.getCurrentTask(PluginUtil.java:69)
	at com.homework.plugin.button.PublishButton.actionPerformed(PublishButton.java:69)
	at com.intellij.openapi.actionSystem.impl.ActionButton.actionPerformed(ActionButton.java:182)
	at com.intellij.openapi.actionSystem.impl.ActionButton.lambda$performAction$0(ActionButton.java:158)
	at com.intellij.openapi.actionSystem.ex.ActionUtil.performDumbAwareWithCallbacks(ActionUtil.java:256)
	at com.intellij.openapi.actionSystem.impl.ActionButton.performAction(ActionButton.java:158)
	at com.intellij.openapi.actionSystem.impl.ActionButton.processMouseEvent(ActionButton.java:464)
	at java.desktop/java.awt.Component.processEvent(Component.java:6419)
	at java.desktop/java.awt.Container.processEvent(Container.java:2263)
	at java.desktop/java.awt.Component.dispatchEventImpl(Component.java:5029)
	at java.desktop/java.awt.Container.dispatchEventImpl(Container.java:2321)
	at java.desktop/java.awt.Component.dispatchEvent(Component.java:4861)
	at java.desktop/java.awt.LightweightDispatcher.retargetMouseEvent(Container.java:4918)
	at java.desktop/java.awt.LightweightDispatcher.processMouseEvent(Container.java:4547)
	at java.desktop/java.awt.LightweightDispatcher.dispatchEvent(Container.java:4488)
	at java.desktop/java.awt.Container.dispatchEventImpl(Container.java:2307)
	at java.desktop/java.awt.Window.dispatchEventImpl(Window.java:2793)
	at java.desktop/java.awt.Component.dispatchEvent(Component.java:4861)
	at java.desktop/java.awt.EventQueue.dispatchEventImpl(EventQueue.java:778)
	at java.desktop/java.awt.EventQueue$4.run(EventQueue.java:727)
	at java.desktop/java.awt.EventQueue$4.run(EventQueue.java:721)
	at java.base/java.security.AccessController.doPrivileged(Native Method)
	at java.base/java.security.ProtectionDomain$JavaSecurityAccessImpl.doIntersectionPrivilege(ProtectionDomain.java:85)
	at java.base/java.security.ProtectionDomain$JavaSecurityAccessImpl.doIntersectionPrivilege(ProtectionDomain.java:95)
	at java.desktop/java.awt.EventQueue$5.run(EventQueue.java:751)
	at java.desktop/java.awt.EventQueue$5.run(EventQueue.java:749)
	at java.base/java.security.AccessController.doPrivileged(Native Method)
	at java.base/java.security.ProtectionDomain$JavaSecurityAccessImpl.doIntersectionPrivilege(ProtectionDomain.java:85)
	at java.desktop/java.awt.EventQueue.dispatchEvent(EventQueue.java:748)
	at com.intellij.ide.IdeEventQueue.defaultDispatchEvent(IdeEventQueue.java:898)
	at com.intellij.ide.IdeEventQueue.dispatchMouseEvent(IdeEventQueue.java:820)
	at com.intellij.ide.IdeEventQueue._dispatchEvent(IdeEventQueue.java:743)
	at com.intellij.ide.IdeEventQueue.lambda$dispatchEvent$6(IdeEventQueue.java:439)
	at com.intellij.openapi.progress.impl.CoreProgressManager.computePrioritized(CoreProgressManager.java:803)
	at com.intellij.ide.IdeEventQueue.lambda$dispatchEvent$7(IdeEventQueue.java:438)
	at com.intellij.openapi.application.TransactionGuardImpl.performActivity(TransactionGuardImpl.java:119)
	at com.intellij.ide.IdeEventQueue.performActivity(IdeEventQueue.java:604)
	at com.intellij.ide.IdeEventQueue.lambda$dispatchEvent$8(IdeEventQueue.java:436)
	at com.intellij.openapi.application.impl.ApplicationImpl.runIntendedWriteActionOnCurrentThread(ApplicationImpl.java:873)
	at com.intellij.ide.IdeEventQueue.dispatchEvent(IdeEventQueue.java:484)
	at java.desktop/java.awt.EventDispatchThread.pumpOneEventForFilters(EventDispatchThread.java:207)
	at java.desktop/java.awt.EventDispatchThread.pumpEventsForFilter(EventDispatchThread.java:128)
	at java.desktop/java.awt.EventDispatchThread.pumpEventsForHierarchy(EventDispatchThread.java:117)
	at java.desktop/java.awt.EventDispatchThread.pumpEvents(EventDispatchThread.java:113)
	at java.desktop/java.awt.EventDispatchThread.pumpEvents(EventDispatchThread.java:105)
	at java.desktop/java.awt.EventDispatchThread.run(EventDispatchThread.java:92)
2022-07-27 08:59:02 WARN  PluginUtil.getCurrentDirectory(109) - Error while getting the current directory.
java.lang.StringIndexOutOfBoundsException: String index out of range: -1
	at java.base/java.lang.String.substring(String.java:1837)
	at com.homework.plugin.PluginUtil.getCurrentVirtualFile(PluginUtil.java:160)
	at com.homework.plugin.PluginUtil.getCurrentDirectory(PluginUtil.java:107)
	at com.homework.plugin.button.PublishButton.actionPerformed(PublishButton.java:74)
	at com.intellij.openapi.actionSystem.impl.ActionButton.actionPerformed(ActionButton.java:182)
	at com.intellij.openapi.actionSystem.impl.ActionButton.lambda$performAction$0(ActionButton.java:158)
	at com.intellij.openapi.actionSystem.ex.ActionUtil.performDumbAwareWithCallbacks(ActionUtil.java:256)
	at com.intellij.openapi.actionSystem.impl.ActionButton.performAction(ActionButton.java:158)
	at com.intellij.openapi.actionSystem.impl.ActionButton.processMouseEvent(ActionButton.java:464)
	at java.desktop/java.awt.Component.processEvent(Component.java:6419)
	at java.desktop/java.awt.Container.processEvent(Container.java:2263)
	at java.desktop/java.awt.Component.dispatchEventImpl(Component.java:5029)
	at java.desktop/java.awt.Container.dispatchEventImpl(Container.java:2321)
	at java.desktop/java.awt.Component.dispatchEvent(Component.java:4861)
	at java.desktop/java.awt.LightweightDispatcher.retargetMouseEvent(Container.java:4918)
	at java.desktop/java.awt.LightweightDispatcher.processMouseEvent(Container.java:4547)
	at java.desktop/java.awt.LightweightDispatcher.dispatchEvent(Container.java:4488)
	at java.desktop/java.awt.Container.dispatchEventImpl(Container.java:2307)
	at java.desktop/java.awt.Window.dispatchEventImpl(Window.java:2793)
	at java.desktop/java.awt.Component.dispatchEvent(Component.java:4861)
	at java.desktop/java.awt.EventQueue.dispatchEventImpl(EventQueue.java:778)
	at java.desktop/java.awt.EventQueue$4.run(EventQueue.java:727)
	at java.desktop/java.awt.EventQueue$4.run(EventQueue.java:721)
	at java.base/java.security.AccessController.doPrivileged(Native Method)
	at java.base/java.security.ProtectionDomain$JavaSecurityAccessImpl.doIntersectionPrivilege(ProtectionDomain.java:85)
	at java.base/java.security.ProtectionDomain$JavaSecurityAccessImpl.doIntersectionPrivilege(ProtectionDomain.java:95)
	at java.desktop/java.awt.EventQueue$5.run(EventQueue.java:751)
	at java.desktop/java.awt.EventQueue$5.run(EventQueue.java:749)
	at java.base/java.security.AccessController.doPrivileged(Native Method)
	at java.base/java.security.ProtectionDomain$JavaSecurityAccessImpl.doIntersectionPrivilege(ProtectionDomain.java:85)
	at java.desktop/java.awt.EventQueue.dispatchEvent(EventQueue.java:748)
	at com.intellij.ide.IdeEventQueue.defaultDispatchEvent(IdeEventQueue.java:898)
	at com.intellij.ide.IdeEventQueue.dispatchMouseEvent(IdeEventQueue.java:820)
	at com.intellij.ide.IdeEventQueue._dispatchEvent(IdeEventQueue.java:743)
	at com.intellij.ide.IdeEventQueue.lambda$dispatchEvent$6(IdeEventQueue.java:439)
	at com.intellij.openapi.progress.impl.CoreProgressManager.computePrioritized(CoreProgressManager.java:803)
	at com.intellij.ide.IdeEventQueue.lambda$dispatchEvent$7(IdeEventQueue.java:438)
	at com.intellij.openapi.application.TransactionGuardImpl.performActivity(TransactionGuardImpl.java:119)
	at com.intellij.ide.IdeEventQueue.performActivity(IdeEventQueue.java:604)
	at com.intellij.ide.IdeEventQueue.lambda$dispatchEvent$8(IdeEventQueue.java:436)
	at com.intellij.openapi.application.impl.ApplicationImpl.runIntendedWriteActionOnCurrentThread(ApplicationImpl.java:873)
	at com.intellij.ide.IdeEventQueue.dispatchEvent(IdeEventQueue.java:484)
	at java.desktop/java.awt.EventDispatchThread.pumpOneEventForFilters(EventDispatchThread.java:207)
	at java.desktop/java.awt.EventDispatchThread.pumpEventsForFilter(EventDispatchThread.java:128)
	at java.desktop/java.awt.EventDispatchThread.pumpEventsForHierarchy(EventDispatchThread.java:117)
	at java.desktop/java.awt.EventDispatchThread.pumpEvents(EventDispatchThread.java:113)
	at java.desktop/java.awt.EventDispatchThread.pumpEvents(EventDispatchThread.java:105)
	at java.desktop/java.awt.EventDispatchThread.run(EventDispatchThread.java:92)
2022-07-27 08:59:02 INFO  ApacheHttpClient.getProject(473) - responseCode = 400
